# JRE version: Java(TM) SE Runtime Environment (7.0_80-b15) (build 1.7.0_80-b15)
# Java VM: Java HotSpot(TM) Server VM (24.80-b11 mixed mode linux-x86 )
Heap
 PSYoungGen      total 92416K, used 17790K [0xa8f00000, 0xb3500000, 0xb3500000)
  eden space 56832K, 0% used [0xa8f00000,0xa8f00000,0xac680000)
  from space 35584K, 49% used [0xb1240000,0xb239fa00,0xb3500000)
  to   space 56576K, 0% used [0xac680000,0xac680000,0xafdc0000)
 ParOldGen       total 155648K, used 155510K [0x94300000, 0x9db00000, 0xa8f00000)
  object space 155648K, 99% used [0x94300000,0x9daddbc8,0x9db00000)
 PSPermGen       total 28928K, used 12905K [0x90300000, 0x91f40000, 0x94300000)
  object space 28928K, 44% used [0x90300000,0x90f9a438,0x91f40000)
GC Heap History (10 events):
Event: 21.121 GC heap after
Heap after GC invocations=14 (full 0):
 PSYoungGen      total 118272K, used 4861K [0xa8f00000, 0xb3500000, 0xb3500000)
  eden space 113408K, 0% used [0xa8f00000,0xa8f00000,0xafdc0000)
  from space 4864K, 99% used [0xb1240000,0xb16ff458,0xb1700000)
  to   space 20992K, 0% used [0xafdc0000,0xafdc0000,0xb1240000)
 ParOldGen       total 53760K, used 53617K [0x94300000, 0x97780000, 0xa8f00000)
  object space 53760K, 99% used [0x94300000,0x9775c550,0x97780000)
 PSPermGen       total 16384K, used 12796K [0x90300000, 0x91300000, 0x94300000)
  object space 16384K, 78% used [0x90300000,0x90f7f310,0x91300000)
}
Event: 21.121 GC heap before
{Heap before GC invocations=15 (full 1):
 PSYoungGen      total 118272K, used 4861K [0xa8f00000, 0xb3500000, 0xb3500000)
  eden space 113408K, 0% used [0xa8f00000,0xa8f00000,0xafdc0000)
  from space 4864K, 99% used [0xb1240000,0xb16ff458,0xb1700000)
  to   space 20992K, 0% used [0xafdc0000,0xafdc0000,0xb1240000)
 ParOldGen       total 53760K, used 53617K [0x94300000, 0x97780000, 0xa8f00000)
  object space 53760K, 99% used [0x94300000,0x9775c550,0x97780000)
 PSPermGen       total 16384K, used 12796K [0x90300000, 0x91300000, 0x94300000)
  object space 16384K, 78% used [0x90300000,0x90f7f310,0x91300000)
Event: 21.772 GC heap after
Heap after GC invocations=15 (full 1):
 PSYoungGen      total 118272K, used 221K [0xa8f00000, 0xb3500000, 0xb3500000)
  eden space 113408K, 0% used [0xa8f00000,0xa8f00000,0xafdc0000)
  from space 4864K, 4% used [0xb1240000,0xb12776c0,0xb1700000)
  to   space 20992K, 0% used [0xafdc0000,0xafdc0000,0xb1240000)
 ParOldGen       total 83968K, used 53546K [0x94300000, 0x99500000, 0xa8f00000)
  object space 83968K, 63% used [0x94300000,0x9774a948,0x99500000)
 PSPermGen       total 25600K, used 12788K [0x90300000, 0x91c00000, 0x94300000)
  object space 25600K, 49% used [0x90300000,0x90f7d288,0x91c00000)
}
Event: 28.040 GC heap before
{Heap before GC invocations=16 (full 1):
 PSYoungGen      total 118272K, used 113629K [0xa8f00000, 0xb3500000, 0xb3500000)
  eden space 113408K, 100% used [0xa8f00000,0xafdc0000,0xafdc0000)
  from space 4864K, 4% used [0xb1240000,0xb12776c0,0xb1700000)
  to   space 20992K, 0% used [0xafdc0000,0xafdc0000,0xb1240000)
 ParOldGen       total 83968K, used 53546K [0x94300000, 0x99500000, 0xa8f00000)
  object space 83968K, 63% used [0x94300000,0x9774a948,0x99500000)
 PSPermGen       total 25600K, used 12797K [0x90300000, 0x91c00000, 0x94300000)
  object space 25600K, 49% used [0x90300000,0x90f7f760,0x91c00000)
Event: 28.418 GC heap after
Heap after GC invocations=16 (full 1):
 PSYoungGen      total 134400K, used 20986K [0xa8f00000, 0xb3500000, 0xb3500000)
  eden space 113408K, 0% used [0xa8f00000,0xa8f00000,0xafdc0000)
  from space 20992K, 99% used [0xafdc0000,0xb123ebe0,0xb1240000)
  to   space 35584K, 0% used [0xb1240000,0xb1240000,0xb3500000)
 ParOldGen       total 101632K, used 101490K [0x94300000, 0x9a640000, 0xa8f00000)
  object space 101632K, 99% used [0x94300000,0x9a61c9a8,0x9a640000)
 PSPermGen       total 25600K, used 12797K [0x90300000, 0x91c00000, 0x94300000)
  object space 25600K, 49% used [0x90300000,0x90f7f760,0x91c00000)
}
Event: 28.418 GC heap before
{Heap before GC invocations=17 (full 2):
 PSYoungGen      total 134400K, used 20986K [0xa8f00000, 0xb3500000, 0xb3500000)
  eden space 113408K, 0% used [0xa8f00000,0xa8f00000,0xafdc0000)
  from space 20992K, 99% used [0xafdc0000,0xb123ebe0,0xb1240000)
  to   space 35584K, 0% used [0xb1240000,0xb1240000,0xb3500000)
 ParOldGen       total 101632K, used 101490K [0x94300000, 0x9a640000, 0xa8f00000)
  object space 101632K, 99% used [0x94300000,0x9a61c9a8,0x9a640000)
 PSPermGen       total 25600K, used 12797K [0x90300000, 0x91c00000, 0x94300000)
  object space 25600K, 49% used [0x90300000,0x90f7f760,0x91c00000)
Event: 29.405 GC heap after
Heap after GC invocations=17 (full 2):
 PSYoungGen      total 134400K, used 19212K [0xa8f00000, 0xb3500000, 0xb3500000)
  eden space 113408K, 0% used [0xa8f00000,0xa8f00000,0xafdc0000)
  from space 20992K, 91% used [0xafdc0000,0xb10832b8,0xb1240000)
  to   space 35584K, 0% used [0xb1240000,0xb1240000,0xb3500000)
 ParOldGen       total 155648K, used 101374K [0x94300000, 0x9db00000, 0xa8f00000)
  object space 155648K, 65% used [0x94300000,0x9a5ffba8,0x9db00000)
 PSPermGen       total 28928K, used 12797K [0x90300000, 0x91f40000, 0x94300000)
  object space 28928K, 44% used [0x90300000,0x90f7f6f0,0x91f40000)
}
Event: 36.737 GC heap before
{Heap before GC invocations=18 (full 2):
 PSYoungGen      total 134400K, used 132620K [0xa8f00000, 0xb3500000, 0xb3500000)
  eden space 113408K, 100% used [0xa8f00000,0xafdc0000,0xafdc0000)
  from space 20992K, 91% used [0xafdc0000,0xb10832b8,0xb1240000)
  to   space 35584K, 0% used [0xb1240000,0xb1240000,0xb3500000)
 ParOldGen       total 155648K, used 101374K [0x94300000, 0x9db00000, 0xa8f00000)
  object space 155648K, 65% used [0x94300000,0x9a5ffba8,0x9db00000)
 PSPermGen       total 28928K, used 12905K [0x90300000, 0x91f40000, 0x94300000)
  object space 28928K, 44% used [0x90300000,0x90f9a488,0x91f40000)
Event: 37.803 GC heap after
Heap after GC invocations=18 (full 2):
 PSYoungGen      total 92416K, used 35579K [0xa8f00000, 0xb3500000, 0xb3500000)
  eden space 56832K, 0% used [0xa8f00000,0xa8f00000,0xac680000)
  from space 35584K, 99% used [0xb1240000,0xb34feed0,0xb3500000)
  to   space 56576K, 0% used [0xac680000,0xac680000,0xafdc0000)
 ParOldGen       total 155648K, used 138319K [0x94300000, 0x9db00000, 0xa8f00000)
  object space 155648K, 88% used [0x94300000,0x9ca13df0,0x9db00000)
 PSPermGen       total 28928K, used 12905K [0x90300000, 0x91f40000, 0x94300000)
  object space 28928K, 44% used [0x90300000,0x90f9a488,0x91f40000)
}
Event: 37.803 GC heap before
{Heap before GC invocations=19 (full 3):
 PSYoungGen      total 92416K, used 35579K [0xa8f00000, 0xb3500000, 0xb3500000)
  eden space 56832K, 0% used [0xa8f00000,0xa8f00000,0xac680000)
  from space 35584K, 99% used [0xb1240000,0xb34feed0,0xb3500000)
  to   space 56576K, 0% used [0xac680000,0xac680000,0xafdc0000)
 ParOldGen       total 155648K, used 138319K [0x94300000, 0x9db00000, 0xa8f00000)
  object space 155648K, 88% used [0x94300000,0x9ca13df0,0x9db00000)
 PSPermGen       total 28928K, used 12905K [0x90300000, 0x91f40000, 0x94300000)
  object space 28928K, 44% used [0x90300000,0x90f9a488,0x91f40000)

