# JRE version: Java(TM) SE Runtime Environment (7.0_80-b15) (build 1.7.0_80-b15)
# Java VM: Java HotSpot(TM) Server VM (24.80-b11 mixed mode linux-x86 )
Heap
 PSYoungGen      total 90624K, used 16963K [0xa8f00000, 0xb3500000, 0xb3500000)
  eden space 56832K, 0% used [0xa8f00000,0xa8f00000,0xac680000)
  from space 33792K, 50% used [0xb1400000,0xb2490ee8,0xb3500000)
  to   space 56576K, 0% used [0xac680000,0xac680000,0xafdc0000)
 ParOldGen       total 159232K, used 159155K [0x94300000, 0x9de80000, 0xa8f00000)
  object space 159232K, 99% used [0x94300000,0x9de6ce60,0x9de80000)
 PSPermGen       total 28928K, used 12948K [0x90300000, 0x91f40000, 0x94300000)
  object space 28928K, 44% used [0x90300000,0x90fa5350,0x91f40000)
GC Heap History (10 events):
Event: 19.620 GC heap after
Heap after GC invocations=14 (full 0):
 PSYoungGen      total 118016K, used 6653K [0xa8f00000, 0xb3500000, 0xb3500000)
  eden space 111360K, 0% used [0xa8f00000,0xa8f00000,0xafbc0000)
  from space 6656K, 99% used [0xb1400000,0xb1a7f7b8,0xb1a80000)
  to   space 24832K, 0% used [0xafbc0000,0xafbc0000,0xb1400000)
 ParOldGen       total 61440K, used 61001K [0x94300000, 0x97f00000, 0xa8f00000)
  object space 61440K, 99% used [0x94300000,0x97e92680,0x97f00000)
 PSPermGen       total 16384K, used 12794K [0x90300000, 0x91300000, 0x94300000)
  object space 16384K, 78% used [0x90300000,0x90f7e9b8,0x91300000)
}
Event: 19.620 GC heap before
{Heap before GC invocations=15 (full 1):
 PSYoungGen      total 118016K, used 6653K [0xa8f00000, 0xb3500000, 0xb3500000)
  eden space 111360K, 0% used [0xa8f00000,0xa8f00000,0xafbc0000)
  from space 6656K, 99% used [0xb1400000,0xb1a7f7b8,0xb1a80000)
  to   space 24832K, 0% used [0xafbc0000,0xafbc0000,0xb1400000)
 ParOldGen       total 61440K, used 61001K [0x94300000, 0x97f00000, 0xa8f00000)
  object space 61440K, 99% used [0x94300000,0x97e92680,0x97f00000)
 PSPermGen       total 16384K, used 12794K [0x90300000, 0x91300000, 0x94300000)
  object space 16384K, 78% used [0x90300000,0x90f7e9b8,0x91300000)
Event: 20.303 GC heap after
Heap after GC invocations=15 (full 1):
 PSYoungGen      total 118016K, used 473K [0xa8f00000, 0xb3500000, 0xb3500000)
  eden space 111360K, 0% used [0xa8f00000,0xa8f00000,0xafbc0000)
  from space 6656K, 7% used [0xb1400000,0xb1476480,0xb1a80000)
  to   space 24832K, 0% used [0xafbc0000,0xafbc0000,0xb1400000)
 ParOldGen       total 93696K, used 61324K [0x94300000, 0x99e80000, 0xa8f00000)
  object space 93696K, 65% used [0x94300000,0x97ee3300,0x99e80000)
 PSPermGen       total 25600K, used 12786K [0x90300000, 0x91c00000, 0x94300000)
  object space 25600K, 49% used [0x90300000,0x90f7c980,0x91c00000)
}
Event: 25.487 GC heap before
{Heap before GC invocations=16 (full 1):
 PSYoungGen      total 118016K, used 111833K [0xa8f00000, 0xb3500000, 0xb3500000)
  eden space 111360K, 100% used [0xa8f00000,0xafbc0000,0xafbc0000)
  from space 6656K, 7% used [0xb1400000,0xb1476480,0xb1a80000)
  to   space 24832K, 0% used [0xafbc0000,0xafbc0000,0xb1400000)
 ParOldGen       total 93696K, used 61324K [0x94300000, 0x99e80000, 0xa8f00000)
  object space 93696K, 65% used [0x94300000,0x97ee3300,0x99e80000)
 PSPermGen       total 25600K, used 12795K [0x90300000, 0x91c00000, 0x94300000)
  object space 25600K, 49% used [0x90300000,0x90f7ec30,0x91c00000)
Event: 25.795 GC heap after
Heap after GC invocations=16 (full 1):
 PSYoungGen      total 136192K, used 24821K [0xa8f00000, 0xb3500000, 0xb3500000)
  eden space 111360K, 0% used [0xa8f00000,0xa8f00000,0xafbc0000)
  from space 24832K, 99% used [0xafbc0000,0xb13fd408,0xb1400000)
  to   space 33792K, 0% used [0xb1400000,0xb1400000,0xb3500000)
 ParOldGen       total 104960K, used 104559K [0x94300000, 0x9a980000, 0xa8f00000)
  object space 104960K, 99% used [0x94300000,0x9a91bef0,0x9a980000)
 PSPermGen       total 25600K, used 12795K [0x90300000, 0x91c00000, 0x94300000)
  object space 25600K, 49% used [0x90300000,0x90f7ec30,0x91c00000)
}
Event: 25.795 GC heap before
{Heap before GC invocations=17 (full 2):
 PSYoungGen      total 136192K, used 24821K [0xa8f00000, 0xb3500000, 0xb3500000)
  eden space 111360K, 0% used [0xa8f00000,0xa8f00000,0xafbc0000)
  from space 24832K, 99% used [0xafbc0000,0xb13fd408,0xb1400000)
  to   space 33792K, 0% used [0xb1400000,0xb1400000,0xb3500000)
 ParOldGen       total 104960K, used 104559K [0x94300000, 0x9a980000, 0xa8f00000)
  object space 104960K, 99% used [0x94300000,0x9a91bef0,0x9a980000)
 PSPermGen       total 25600K, used 12795K [0x90300000, 0x91c00000, 0x94300000)
  object space 25600K, 49% used [0x90300000,0x90f7ec30,0x91c00000)
Event: 26.750 GC heap after
Heap after GC invocations=17 (full 2):
 PSYoungGen      total 136192K, used 23487K [0xa8f00000, 0xb3500000, 0xb3500000)
  eden space 111360K, 0% used [0xa8f00000,0xa8f00000,0xafbc0000)
  from space 24832K, 94% used [0xafbc0000,0xb12afeb0,0xb1400000)
  to   space 33792K, 0% used [0xb1400000,0xb1400000,0xb3500000)
 ParOldGen       total 159232K, used 104859K [0x94300000, 0x9de80000, 0xa8f00000)
  object space 159232K, 65% used [0x94300000,0x9a966ee8,0x9de80000)
 PSPermGen       total 28928K, used 12794K [0x90300000, 0x91f40000, 0x94300000)
  object space 28928K, 44% used [0x90300000,0x90f7ebe0,0x91f40000)
}
Event: 31.362 GC heap before
{Heap before GC invocations=18 (full 2):
 PSYoungGen      total 136192K, used 134847K [0xa8f00000, 0xb3500000, 0xb3500000)
  eden space 111360K, 100% used [0xa8f00000,0xafbc0000,0xafbc0000)
  from space 24832K, 94% used [0xafbc0000,0xb12afeb0,0xb1400000)
  to   space 33792K, 0% used [0xb1400000,0xb1400000,0xb3500000)
 ParOldGen       total 159232K, used 104859K [0x94300000, 0x9de80000, 0xa8f00000)
  object space 159232K, 65% used [0x94300000,0x9a966ee8,0x9de80000)
 PSPermGen       total 28928K, used 12949K [0x90300000, 0x91f40000, 0x94300000)
  object space 28928K, 44% used [0x90300000,0x90fa5450,0x91f40000)
Event: 31.798 GC heap after
Heap after GC invocations=18 (full 2):
 PSYoungGen      total 90624K, used 33782K [0xa8f00000, 0xb3500000, 0xb3500000)
  eden space 56832K, 0% used [0xa8f00000,0xa8f00000,0xac680000)
  from space 33792K, 99% used [0xb1400000,0xb34fd830,0xb3500000)
  to   space 56576K, 0% used [0xac680000,0xac680000,0xafdc0000)
 ParOldGen       total 159232K, used 143473K [0x94300000, 0x9de80000, 0xa8f00000)
  object space 159232K, 90% used [0x94300000,0x9cf1c608,0x9de80000)
 PSPermGen       total 28928K, used 12949K [0x90300000, 0x91f40000, 0x94300000)
  object space 28928K, 44% used [0x90300000,0x90fa5450,0x91f40000)
}
Event: 31.798 GC heap before
{Heap before GC invocations=19 (full 3):
 PSYoungGen      total 90624K, used 33782K [0xa8f00000, 0xb3500000, 0xb3500000)
  eden space 56832K, 0% used [0xa8f00000,0xa8f00000,0xac680000)
  from space 33792K, 99% used [0xb1400000,0xb34fd830,0xb3500000)
  to   space 56576K, 0% used [0xac680000,0xac680000,0xafdc0000)
 ParOldGen       total 159232K, used 143473K [0x94300000, 0x9de80000, 0xa8f00000)
  object space 159232K, 90% used [0x94300000,0x9cf1c608,0x9de80000)
 PSPermGen       total 28928K, used 12949K [0x90300000, 0x91f40000, 0x94300000)
  object space 28928K, 44% used [0x90300000,0x90fa5450,0x91f40000)

