# JRE version: Java(TM) SE Runtime Environment (7.0_80-b15) (build 1.7.0_80-b15)
# Java VM: Java HotSpot(TM) Server VM (24.80-b11 mixed mode linux-x86 )
Heap
 PSYoungGen      total 88832K, used 5302K [0xa8f40000, 0xb3540000, 0xb3540000)
  eden space 56832K, 0% used [0xa8f40000,0xa8f40000,0xac6c0000)
  from space 32000K, 16% used [0xb1600000,0xb1b2db98,0xb3540000)
  to   space 56576K, 0% used [0xac6c0000,0xac6c0000,0xafe00000)
 ParOldGen       total 182272K, used 182233K [0x94340000, 0x9f540000, 0xa8f40000)
  object space 182272K, 99% used [0x94340000,0x9f536568,0x9f540000)
 PSPermGen       total 27904K, used 13015K [0x90340000, 0x91e80000, 0x94340000)
  object space 27904K, 46% used [0x90340000,0x90ff5da0,0x91e80000)
GC Heap History (10 events):
Event: 31.573 GC heap after
Heap after GC invocations=13 (full 1):
 PSYoungGen      total 117504K, used 11509K [0xa8f40000, 0xb3540000, 0xb3540000)
  eden space 105984K, 0% used [0xa8f40000,0xa8f40000,0xaf6c0000)
  from space 11520K, 99% used [0xb2a00000,0xb353d668,0xb3540000)
  to   space 32000K, 0% used [0xaf6c0000,0xaf6c0000,0xb1600000)
 ParOldGen       total 72704K, used 72320K [0x94340000, 0x98a40000, 0xa8f40000)
  object space 72704K, 99% used [0x94340000,0x989e0010,0x98a40000)
 PSPermGen       total 25600K, used 12795K [0x90340000, 0x91c40000, 0x94340000)
  object space 25600K, 49% used [0x90340000,0x90fbec88,0x91c40000)
}
Event: 31.573 GC heap before
{Heap before GC invocations=14 (full 2):
 PSYoungGen      total 117504K, used 11509K [0xa8f40000, 0xb3540000, 0xb3540000)
  eden space 105984K, 0% used [0xa8f40000,0xa8f40000,0xaf6c0000)
  from space 11520K, 99% used [0xb2a00000,0xb353d668,0xb3540000)
  to   space 32000K, 0% used [0xaf6c0000,0xaf6c0000,0xb1600000)
 ParOldGen       total 72704K, used 72320K [0x94340000, 0x98a40000, 0xa8f40000)
  object space 72704K, 99% used [0x94340000,0x989e0010,0x98a40000)
 PSPermGen       total 25600K, used 12795K [0x90340000, 0x91c40000, 0x94340000)
  object space 25600K, 49% used [0x90340000,0x90fbec88,0x91c40000)
Event: 32.699 GC heap after
Heap after GC invocations=14 (full 2):
 PSYoungGen      total 117504K, used 9581K [0xa8f40000, 0xb3540000, 0xb3540000)
  eden space 105984K, 0% used [0xa8f40000,0xa8f40000,0xaf6c0000)
  from space 11520K, 83% used [0xb2a00000,0xb335b6b0,0xb3540000)
  to   space 32000K, 0% used [0xaf6c0000,0xaf6c0000,0xb1600000)
 ParOldGen       total 117504K, used 72550K [0x94340000, 0x9b600000, 0xa8f40000)
  object space 117504K, 61% used [0x94340000,0x98a19960,0x9b600000)
 PSPermGen       total 28928K, used 12794K [0x90340000, 0x91f80000, 0x94340000)
  object space 28928K, 44% used [0x90340000,0x90fbeab8,0x91f80000)
}
Event: 39.870 GC heap before
{Heap before GC invocations=15 (full 2):
 PSYoungGen      total 117504K, used 115565K [0xa8f40000, 0xb3540000, 0xb3540000)
  eden space 105984K, 100% used [0xa8f40000,0xaf6c0000,0xaf6c0000)
  from space 11520K, 83% used [0xb2a00000,0xb335b6b0,0xb3540000)
  to   space 32000K, 0% used [0xaf6c0000,0xaf6c0000,0xb1600000)
 ParOldGen       total 117504K, used 72550K [0x94340000, 0x9b600000, 0xa8f40000)
  object space 117504K, 61% used [0x94340000,0x98a19960,0x9b600000)
 PSPermGen       total 28928K, used 12800K [0x90340000, 0x91f80000, 0x94340000)
  object space 28928K, 44% used [0x90340000,0x90fc00d0,0x91f80000)
Event: 40.524 GC heap after
Heap after GC invocations=15 (full 2):
 PSYoungGen      total 137984K, used 31986K [0xa8f40000, 0xb3540000, 0xb3540000)
  eden space 105984K, 0% used [0xa8f40000,0xa8f40000,0xaf6c0000)
  from space 32000K, 99% used [0xaf6c0000,0xb15fcae0,0xb1600000)
  to   space 32000K, 0% used [0xb1600000,0xb1600000,0xb3540000)
 ParOldGen       total 117504K, used 114150K [0x94340000, 0x9b600000, 0xa8f40000)
  object space 117504K, 97% used [0x94340000,0x9b2b9a58,0x9b600000)
 PSPermGen       total 28928K, used 12800K [0x90340000, 0x91f80000, 0x94340000)
  object space 28928K, 44% used [0x90340000,0x90fc00d0,0x91f80000)
}
Event: 40.524 GC heap before
{Heap before GC invocations=16 (full 3):
 PSYoungGen      total 137984K, used 31986K [0xa8f40000, 0xb3540000, 0xb3540000)
  eden space 105984K, 0% used [0xa8f40000,0xa8f40000,0xaf6c0000)
  from space 32000K, 99% used [0xaf6c0000,0xb15fcae0,0xb1600000)
  to   space 32000K, 0% used [0xb1600000,0xb1600000,0xb3540000)
 ParOldGen       total 117504K, used 114150K [0x94340000, 0x9b600000, 0xa8f40000)
  object space 117504K, 97% used [0x94340000,0x9b2b9a58,0x9b600000)
 PSPermGen       total 28928K, used 12800K [0x90340000, 0x91f80000, 0x94340000)
  object space 28928K, 44% used [0x90340000,0x90fc00d0,0x91f80000)
Event: 41.753 GC heap after
Heap after GC invocations=16 (full 3):
 PSYoungGen      total 137984K, used 27900K [0xa8f40000, 0xb3540000, 0xb3540000)
  eden space 105984K, 0% used [0xa8f40000,0xa8f40000,0xaf6c0000)
  from space 32000K, 87% used [0xaf6c0000,0xb11ff250,0xb1600000)
  to   space 32000K, 0% used [0xb1600000,0xb1600000,0xb3540000)
 ParOldGen       total 182272K, used 117225K [0x94340000, 0x9f540000, 0xa8f40000)
  object space 182272K, 64% used [0x94340000,0x9b5ba7e8,0x9f540000)
 PSPermGen       total 27904K, used 12800K [0x90340000, 0x91e80000, 0x94340000)
  object space 27904K, 45% used [0x90340000,0x90fc0070,0x91e80000)
}
Event: 51.965 GC heap before
{Heap before GC invocations=17 (full 3):
 PSYoungGen      total 137984K, used 133884K [0xa8f40000, 0xb3540000, 0xb3540000)
  eden space 105984K, 100% used [0xa8f40000,0xaf6c0000,0xaf6c0000)
  from space 32000K, 87% used [0xaf6c0000,0xb11ff250,0xb1600000)
  to   space 32000K, 0% used [0xb1600000,0xb1600000,0xb3540000)
 ParOldGen       total 182272K, used 117225K [0x94340000, 0x9f540000, 0xa8f40000)
  object space 182272K, 64% used [0x94340000,0x9b5ba7e8,0x9f540000)
 PSPermGen       total 27904K, used 13016K [0x90340000, 0x91e80000, 0x94340000)
  object space 27904K, 46% used [0x90340000,0x90ff6080,0x91e80000)
Event: 53.543 GC heap after
Heap after GC invocations=17 (full 3):
 PSYoungGen      total 88832K, used 31992K [0xa8f40000, 0xb3540000, 0xb3540000)
  eden space 56832K, 0% used [0xa8f40000,0xa8f40000,0xac6c0000)
  from space 32000K, 99% used [0xb1600000,0xb353e2b0,0xb3540000)
  to   space 56576K, 0% used [0xac6c0000,0xac6c0000,0xafe00000)
 ParOldGen       total 182272K, used 156122K [0x94340000, 0x9f540000, 0xa8f40000)
  object space 182272K, 85% used [0x94340000,0x9dbb6b40,0x9f540000)
 PSPermGen       total 27904K, used 13016K [0x90340000, 0x91e80000, 0x94340000)
  object space 27904K, 46% used [0x90340000,0x90ff6080,0x91e80000)
}
Event: 54.609 GC heap before
{Heap before GC invocations=18 (full 4):
 PSYoungGen      total 88832K, used 31992K [0xa8f40000, 0xb3540000, 0xb3540000)
  eden space 56832K, 0% used [0xa8f40000,0xa8f40000,0xac6c0000)
  from space 32000K, 99% used [0xb1600000,0xb353e2b0,0xb3540000)
  to   space 56576K, 0% used [0xac6c0000,0xac6c0000,0xafe00000)
 ParOldGen       total 182272K, used 156122K [0x94340000, 0x9f540000, 0xa8f40000)
  object space 182272K, 85% used [0x94340000,0x9dbb6b40,0x9f540000)
 PSPermGen       total 27904K, used 13016K [0x90340000, 0x91e80000, 0x94340000)
  object space 27904K, 46% used [0x90340000,0x90ff6080,0x91e80000)

