# JRE version: Java(TM) SE Runtime Environment (7.0_80-b15) (build 1.7.0_80-b15)
# Java VM: Java HotSpot(TM) Server VM (24.80-b11 mixed mode linux-x86 )
Heap
 PSYoungGen      total 113408K, used 0K [0xa8f80000, 0xb3580000, 0xb3580000)
  eden space 56832K, 0% used [0xa8f80000,0xa8f80000,0xac700000)
  from space 56576K, 0% used [0xafe40000,0xafe40000,0xb3580000)
  to   space 56576K, 0% used [0xac700000,0xac700000,0xafe40000)
 ParOldGen       total 232960K, used 205387K [0x94380000, 0xa2700000, 0xa8f80000)
  object space 232960K, 88% used [0x94380000,0xa0c12d20,0xa2700000)
 PSPermGen       total 27904K, used 13378K [0x90380000, 0x91ec0000, 0x94380000)
  object space 27904K, 47% used [0x90380000,0x91090b40,0x91ec0000)
GC Heap History (10 events):
Event: 26.430 GC heap after
Heap after GC invocations=17 (full 2):
 PSYoungGen      total 135424K, used 22331K [0xa8f80000, 0xb3580000, 0xb3580000)
  eden space 111616K, 0% used [0xa8f80000,0xa8f80000,0xafc80000)
  from space 23808K, 93% used [0xafc80000,0xb124ecf0,0xb13c0000)
  to   space 34560K, 0% used [0xb13c0000,0xb13c0000,0xb3580000)
 ParOldGen       total 158976K, used 103637K [0x94380000, 0x9dec0000, 0xa8f80000)
  object space 158976K, 65% used [0x94380000,0x9a8b56e8,0x9dec0000)
 PSPermGen       total 28928K, used 12796K [0x90380000, 0x91fc0000, 0x94380000)
  object space 28928K, 44% used [0x90380000,0x90fff2a0,0x91fc0000)
}
Event: 30.882 GC heap before
{Heap before GC invocations=18 (full 2):
 PSYoungGen      total 135424K, used 133947K [0xa8f80000, 0xb3580000, 0xb3580000)
  eden space 111616K, 100% used [0xa8f80000,0xafc80000,0xafc80000)
  from space 23808K, 93% used [0xafc80000,0xb124ecf0,0xb13c0000)
  to   space 34560K, 0% used [0xb13c0000,0xb13c0000,0xb3580000)
 ParOldGen       total 158976K, used 103637K [0x94380000, 0x9dec0000, 0xa8f80000)
  object space 158976K, 65% used [0x94380000,0x9a8b56e8,0x9dec0000)
 PSPermGen       total 28928K, used 12914K [0x90380000, 0x91fc0000, 0x94380000)
  object space 28928K, 44% used [0x90380000,0x9101c980,0x91fc0000)
Event: 31.217 GC heap after
Heap after GC invocations=18 (full 2):
 PSYoungGen      total 91392K, used 34558K [0xa8f80000, 0xb3580000, 0xb3580000)
  eden space 56832K, 0% used [0xa8f80000,0xa8f80000,0xac700000)
  from space 34560K, 99% used [0xb13c0000,0xb357fae8,0xb3580000)
  to   space 56576K, 0% used [0xac700000,0xac700000,0xafe40000)
 ParOldGen       total 158976K, used 141552K [0x94380000, 0x9dec0000, 0xa8f80000)
  object space 158976K, 89% used [0x94380000,0x9cdbc370,0x9dec0000)
 PSPermGen       total 28928K, used 12914K [0x90380000, 0x91fc0000, 0x94380000)
  object space 28928K, 44% used [0x90380000,0x9101c980,0x91fc0000)
}
Event: 31.217 GC heap before
{Heap before GC invocations=19 (full 3):
 PSYoungGen      total 91392K, used 34558K [0xa8f80000, 0xb3580000, 0xb3580000)
  eden space 56832K, 0% used [0xa8f80000,0xa8f80000,0xac700000)
  from space 34560K, 99% used [0xb13c0000,0xb357fae8,0xb3580000)
  to   space 56576K, 0% used [0xac700000,0xac700000,0xafe40000)
 ParOldGen       total 158976K, used 141552K [0x94380000, 0x9dec0000, 0xa8f80000)
  object space 158976K, 89% used [0x94380000,0x9cdbc370,0x9dec0000)
 PSPermGen       total 28928K, used 12914K [0x90380000, 0x91fc0000, 0x94380000)
  object space 28928K, 44% used [0x90380000,0x9101c980,0x91fc0000)
Event: 32.343 GC heap after
Heap after GC invocations=19 (full 3):
 PSYoungGen      total 91392K, used 16287K [0xa8f80000, 0xb3580000, 0xb3580000)
  eden space 56832K, 0% used [0xa8f80000,0xa8f80000,0xac700000)
  from space 34560K, 47% used [0xb13c0000,0xb23a7f80,0xb3580000)
  to   space 56576K, 0% used [0xac700000,0xac700000,0xafe40000)
 ParOldGen       total 232960K, used 158738K [0x94380000, 0xa2700000, 0xa8f80000)
  object space 232960K, 68% used [0x94380000,0x9de84918,0xa2700000)
 PSPermGen       total 27904K, used 12914K [0x90380000, 0x91ec0000, 0x94380000)
  object space 27904K, 46% used [0x90380000,0x9101c920,0x91ec0000)
}
Event: 35.435 GC heap before
{Heap before GC invocations=20 (full 3):
 PSYoungGen      total 91392K, used 73119K [0xa8f80000, 0xb3580000, 0xb3580000)
  eden space 56832K, 100% used [0xa8f80000,0xac700000,0xac700000)
  from space 34560K, 47% used [0xb13c0000,0xb23a7f80,0xb3580000)
  to   space 56576K, 0% used [0xac700000,0xac700000,0xafe40000)
 ParOldGen       total 232960K, used 158738K [0x94380000, 0xa2700000, 0xa8f80000)
  object space 232960K, 68% used [0x94380000,0x9de84918,0xa2700000)
 PSPermGen       total 27904K, used 13047K [0x90380000, 0x91ec0000, 0x94380000)
  object space 27904K, 46% used [0x90380000,0x9103df28,0x91ec0000)
Event: 35.755 GC heap after
Heap after GC invocations=20 (full 3):
 PSYoungGen      total 113408K, used 29177K [0xa8f80000, 0xb3580000, 0xb3580000)
  eden space 56832K, 0% used [0xa8f80000,0xa8f80000,0xac700000)
  from space 56576K, 51% used [0xac700000,0xae37e650,0xafe40000)
  to   space 56576K, 0% used [0xafe40000,0xafe40000,0xb3580000)
 ParOldGen       total 232960K, used 175101K [0x94380000, 0xa2700000, 0xa8f80000)
  object space 232960K, 75% used [0x94380000,0x9ee7f758,0xa2700000)
 PSPermGen       total 27904K, used 13047K [0x90380000, 0x91ec0000, 0x94380000)
  object space 27904K, 46% used [0x90380000,0x9103df28,0x91ec0000)
}
Event: 41.470 GC heap before
{Heap before GC invocations=21 (full 3):
 PSYoungGen      total 113408K, used 86009K [0xa8f80000, 0xb3580000, 0xb3580000)
  eden space 56832K, 100% used [0xa8f80000,0xac700000,0xac700000)
  from space 56576K, 51% used [0xac700000,0xae37e650,0xafe40000)
  to   space 56576K, 0% used [0xafe40000,0xafe40000,0xb3580000)
 ParOldGen       total 232960K, used 175101K [0x94380000, 0xa2700000, 0xa8f80000)
  object space 232960K, 75% used [0x94380000,0x9ee7f758,0xa2700000)
 PSPermGen       total 27904K, used 13381K [0x90380000, 0x91ec0000, 0x94380000)
  object space 27904K, 47% used [0x90380000,0x91091700,0x91ec0000)
Event: 41.703 GC heap after
Heap after GC invocations=21 (full 3):
 PSYoungGen      total 113408K, used 3984K [0xa8f80000, 0xb3580000, 0xb3580000)
  eden space 56832K, 0% used [0xa8f80000,0xa8f80000,0xac700000)
  from space 56576K, 7% used [0xafe40000,0xb0224010,0xb3580000)
  to   space 56576K, 0% used [0xac700000,0xac700000,0xafe40000)
 ParOldGen       total 232960K, used 204085K [0x94380000, 0xa2700000, 0xa8f80000)
  object space 232960K, 87% used [0x94380000,0xa0acd670,0xa2700000)
 PSPermGen       total 27904K, used 13381K [0x90380000, 0x91ec0000, 0x94380000)
  object space 27904K, 47% used [0x90380000,0x91091700,0x91ec0000)
}
Event: 41.703 GC heap before
{Heap before GC invocations=22 (full 4):
 PSYoungGen      total 113408K, used 3984K [0xa8f80000, 0xb3580000, 0xb3580000)
  eden space 56832K, 0% used [0xa8f80000,0xa8f80000,0xac700000)
  from space 56576K, 7% used [0xafe40000,0xb0224010,0xb3580000)
  to   space 56576K, 0% used [0xac700000,0xac700000,0xafe40000)
 ParOldGen       total 232960K, used 204085K [0x94380000, 0xa2700000, 0xa8f80000)
  object space 232960K, 87% used [0x94380000,0xa0acd670,0xa2700000)
 PSPermGen       total 27904K, used 13381K [0x90380000, 0x91ec0000, 0x94380000)
  object space 27904K, 47% used [0x90380000,0x91091700,0x91ec0000)

