# JRE version: Java(TM) SE Runtime Environment (7.0_80-b15) (build 1.7.0_80-b15)
# Java VM: Java HotSpot(TM) Server VM (24.80-b11 mixed mode linux-x86 )
Heap
 PSYoungGen      total 55296K, used 1659K [0xa8f40000, 0xaca00000, 0xb3540000)
  eden space 50432K, 0% used [0xa8f40000,0xa8f40000,0xac080000)
  from space 4864K, 34% used [0xac080000,0xac21ede8,0xac540000)
  to   space 4864K, 0% used [0xac540000,0xac540000,0xaca00000)
 ParOldGen       total 21248K, used 10105K [0x94340000, 0x95800000, 0xa8f40000)
  object space 21248K, 47% used [0x94340000,0x94d1e768,0x95800000)
 PSPermGen       total 16384K, used 10274K [0x90340000, 0x91340000, 0x94340000)
  object space 16384K, 62% used [0x90340000,0x90d48840,0x91340000)
GC Heap History (10 events):
Event: 10.123 GC heap after
Heap after GC invocations=6 (full 0):
 PSYoungGen      total 18688K, used 2548K [0xa8f40000, 0xaa4c0000, 0xb3540000)
  eden space 16128K, 0% used [0xa8f40000,0xa8f40000,0xa9f00000)
  from space 2560K, 99% used [0xaa1c0000,0xaa43d070,0xaa440000)
  to   space 2816K, 0% used [0xa9f00000,0xa9f00000,0xaa1c0000)
 ParOldGen       total 21248K, used 3429K [0x94340000, 0x95800000, 0xa8f40000)
  object space 21248K, 16% used [0x94340000,0x94699780,0x95800000)
 PSPermGen       total 16384K, used 6797K [0x90340000, 0x91340000, 0x94340000)
  object space 16384K, 41% used [0x90340000,0x909e35f8,0x91340000)
}
Event: 10.956 GC heap before
{Heap before GC invocations=7 (full 0):
 PSYoungGen      total 18688K, used 18676K [0xa8f40000, 0xaa4c0000, 0xb3540000)
  eden space 16128K, 100% used [0xa8f40000,0xa9f00000,0xa9f00000)
  from space 2560K, 99% used [0xaa1c0000,0xaa43d070,0xaa440000)
  to   space 2816K, 0% used [0xa9f00000,0xa9f00000,0xaa1c0000)
 ParOldGen       total 21248K, used 3429K [0x94340000, 0x95800000, 0xa8f40000)
  object space 21248K, 16% used [0x94340000,0x94699780,0x95800000)
 PSPermGen       total 16384K, used 8103K [0x90340000, 0x91340000, 0x94340000)
  object space 16384K, 49% used [0x90340000,0x90b29ea0,0x91340000)
Event: 10.969 GC heap after
Heap after GC invocations=7 (full 0):
 PSYoungGen      total 18944K, used 2804K [0xa8f40000, 0xab640000, 0xb3540000)
  eden space 16128K, 0% used [0xa8f40000,0xa8f40000,0xa9f00000)
  from space 2816K, 99% used [0xa9f00000,0xaa1bd210,0xaa1c0000)
  to   space 3840K, 0% used [0xab280000,0xab280000,0xab640000)
 ParOldGen       total 21248K, used 4859K [0x94340000, 0x95800000, 0xa8f40000)
  object space 21248K, 22% used [0x94340000,0x947feda8,0x95800000)
 PSPermGen       total 16384K, used 8103K [0x90340000, 0x91340000, 0x94340000)
  object space 16384K, 49% used [0x90340000,0x90b29ea0,0x91340000)
}
Event: 13.421 GC heap before
{Heap before GC invocations=8 (full 0):
 PSYoungGen      total 18944K, used 18932K [0xa8f40000, 0xab640000, 0xb3540000)
  eden space 16128K, 100% used [0xa8f40000,0xa9f00000,0xa9f00000)
  from space 2816K, 99% used [0xa9f00000,0xaa1bd210,0xaa1c0000)
  to   space 3840K, 0% used [0xab280000,0xab280000,0xab640000)
 ParOldGen       total 21248K, used 4859K [0x94340000, 0x95800000, 0xa8f40000)
  object space 21248K, 22% used [0x94340000,0x947feda8,0x95800000)
 PSPermGen       total 16384K, used 9584K [0x90340000, 0x91340000, 0x94340000)
  object space 16384K, 58% used [0x90340000,0x90c9c1f8,0x91340000)
Event: 13.475 GC heap after
Heap after GC invocations=8 (full 0):
 PSYoungGen      total 35328K, used 3825K [0xa8f40000, 0xab7c0000, 0xb3540000)
  eden space 31488K, 0% used [0xa8f40000,0xa8f40000,0xaae00000)
  from space 3840K, 99% used [0xab280000,0xab63c5f8,0xab640000)
  to   space 4608K, 0% used [0xaae00000,0xaae00000,0xab280000)
 ParOldGen       total 21248K, used 5310K [0x94340000, 0x95800000, 0xa8f40000)
  object space 21248K, 24% used [0x94340000,0x9486fad0,0x95800000)
 PSPermGen       total 16384K, used 9584K [0x90340000, 0x91340000, 0x94340000)
  object space 16384K, 58% used [0x90340000,0x90c9c1f8,0x91340000)
}
Event: 16.375 GC heap before
{Heap before GC invocations=9 (full 0):
 PSYoungGen      total 35328K, used 35313K [0xa8f40000, 0xab7c0000, 0xb3540000)
  eden space 31488K, 100% used [0xa8f40000,0xaae00000,0xaae00000)
  from space 3840K, 99% used [0xab280000,0xab63c5f8,0xab640000)
  to   space 4608K, 0% used [0xaae00000,0xaae00000,0xab280000)
 ParOldGen       total 21248K, used 5310K [0x94340000, 0x95800000, 0xa8f40000)
  object space 21248K, 24% used [0x94340000,0x9486fad0,0x95800000)
 PSPermGen       total 16384K, used 9739K [0x90340000, 0x91340000, 0x94340000)
  object space 16384K, 59% used [0x90340000,0x90cc2c98,0x91340000)
Event: 16.394 GC heap after
Heap after GC invocations=9 (full 0):
 PSYoungGen      total 36096K, used 3906K [0xa8f40000, 0xaca00000, 0xb3540000)
  eden space 31488K, 0% used [0xa8f40000,0xa8f40000,0xaae00000)
  from space 4608K, 84% used [0xaae00000,0xab1d0b60,0xab280000)
  to   space 4864K, 0% used [0xac540000,0xac540000,0xaca00000)
 ParOldGen       total 21248K, used 5786K [0x94340000, 0x95800000, 0xa8f40000)
  object space 21248K, 27% used [0x94340000,0x948e6ad0,0x95800000)
 PSPermGen       total 16384K, used 9739K [0x90340000, 0x91340000, 0x94340000)
  object space 16384K, 59% used [0x90340000,0x90cc2c98,0x91340000)
}
Event: 18.395 GC heap before
{Heap before GC invocations=10 (full 0):
 PSYoungGen      total 36096K, used 35394K [0xa8f40000, 0xaca00000, 0xb3540000)
  eden space 31488K, 100% used [0xa8f40000,0xaae00000,0xaae00000)
  from space 4608K, 84% used [0xaae00000,0xab1d0b60,0xab280000)
  to   space 4864K, 0% used [0xac540000,0xac540000,0xaca00000)
 ParOldGen       total 21248K, used 5786K [0x94340000, 0x95800000, 0xa8f40000)
  object space 21248K, 27% used [0x94340000,0x948e6ad0,0x95800000)
 PSPermGen       total 16384K, used 10169K [0x90340000, 0x91340000, 0x94340000)
  object space 16384K, 62% used [0x90340000,0x90d2e7b0,0x91340000)
Event: 18.417 GC heap after
Heap after GC invocations=10 (full 0):
 PSYoungGen      total 55296K, used 3104K [0xa8f40000, 0xaca00000, 0xb3540000)
  eden space 50432K, 0% used [0xa8f40000,0xa8f40000,0xac080000)
  from space 4864K, 63% used [0xac540000,0xac848110,0xaca00000)
  to   space 4864K, 0% used [0xac080000,0xac080000,0xac540000)
 ParOldGen       total 21248K, used 7907K [0x94340000, 0x95800000, 0xa8f40000)
  object space 21248K, 37% used [0x94340000,0x94af8f58,0x95800000)
 PSPermGen       total 16384K, used 10169K [0x90340000, 0x91340000, 0x94340000)
  object space 16384K, 62% used [0x90340000,0x90d2e7b0,0x91340000)
}
Event: 22.039 GC heap before
{Heap before GC invocations=11 (full 0):
 PSYoungGen      total 55296K, used 53536K [0xa8f40000, 0xaca00000, 0xb3540000)
  eden space 50432K, 100% used [0xa8f40000,0xac080000,0xac080000)
  from space 4864K, 63% used [0xac540000,0xac848110,0xaca00000)
  to   space 4864K, 0% used [0xac080000,0xac080000,0xac540000)
 ParOldGen       total 21248K, used 7907K [0x94340000, 0x95800000, 0xa8f40000)
  object space 21248K, 37% used [0x94340000,0x94af8f58,0x95800000)
 PSPermGen       total 16384K, used 10274K [0x90340000, 0x91340000, 0x94340000)
  object space 16384K, 62% used [0x90340000,0x90d48840,0x91340000)

