# JRE version: Java(TM) SE Runtime Environment (7.0_80-b15) (build 1.7.0_80-b15)
# Java VM: Java HotSpot(TM) Server VM (24.80-b11 mixed mode linux-x86 )
Heap
 PSYoungGen      total 85760K, used 3134K [0xa8f80000, 0xae800000, 0xb3580000)
  eden space 80896K, 0% used [0xa8f80000,0xa8f80000,0xade80000)
  from space 4864K, 64% used [0xade80000,0xae18fab0,0xae340000)
  to   space 4864K, 0% used [0xae340000,0xae340000,0xae800000)
 ParOldGen       total 21248K, used 12299K [0x94380000, 0x95840000, 0xa8f80000)
  object space 21248K, 57% used [0x94380000,0x94f82f68,0x95840000)
 PSPermGen       total 16384K, used 12635K [0x90380000, 0x91380000, 0x94380000)
  object space 16384K, 77% used [0x90380000,0x90fd6c98,0x91380000)
GC Heap History (10 events):
Event: 7.221 GC heap after
Heap after GC invocations=8 (full 0):
 PSYoungGen      total 35328K, used 3834K [0xa8f80000, 0xab800000, 0xb3580000)
  eden space 31488K, 0% used [0xa8f80000,0xa8f80000,0xaae40000)
  from space 3840K, 99% used [0xab2c0000,0xab67e800,0xab680000)
  to   space 4608K, 0% used [0xaae40000,0xaae40000,0xab2c0000)
 ParOldGen       total 21248K, used 5098K [0x94380000, 0x95840000, 0xa8f80000)
  object space 21248K, 23% used [0x94380000,0x9487aae0,0x95840000)
 PSPermGen       total 16384K, used 9584K [0x90380000, 0x91380000, 0x94380000)
  object space 16384K, 58% used [0x90380000,0x90cdc3d8,0x91380000)
}
Event: 10.798 GC heap before
{Heap before GC invocations=9 (full 0):
 PSYoungGen      total 35328K, used 35322K [0xa8f80000, 0xab800000, 0xb3580000)
  eden space 31488K, 100% used [0xa8f80000,0xaae40000,0xaae40000)
  from space 3840K, 99% used [0xab2c0000,0xab67e800,0xab680000)
  to   space 4608K, 0% used [0xaae40000,0xaae40000,0xab2c0000)
 ParOldGen       total 21248K, used 5098K [0x94380000, 0x95840000, 0xa8f80000)
  object space 21248K, 23% used [0x94380000,0x9487aae0,0x95840000)
 PSPermGen       total 16384K, used 9702K [0x90380000, 0x91380000, 0x94380000)
  object space 16384K, 59% used [0x90380000,0x90cf9ac0,0x91380000)
Event: 10.827 GC heap after
Heap after GC invocations=9 (full 0):
 PSYoungGen      total 36096K, used 3880K [0xa8f80000, 0xaca40000, 0xb3580000)
  eden space 31488K, 0% used [0xa8f80000,0xa8f80000,0xaae40000)
  from space 4608K, 84% used [0xaae40000,0xab20a350,0xab2c0000)
  to   space 4864K, 0% used [0xac580000,0xac580000,0xaca40000)
 ParOldGen       total 21248K, used 5565K [0x94380000, 0x95840000, 0xa8f80000)
  object space 21248K, 26% used [0x94380000,0x948ef718,0x95840000)
 PSPermGen       total 16384K, used 9702K [0x90380000, 0x91380000, 0x94380000)
  object space 16384K, 59% used [0x90380000,0x90cf9ac0,0x91380000)
}
Event: 13.117 GC heap before
{Heap before GC invocations=10 (full 0):
 PSYoungGen      total 36096K, used 35368K [0xa8f80000, 0xaca40000, 0xb3580000)
  eden space 31488K, 100% used [0xa8f80000,0xaae40000,0xaae40000)
  from space 4608K, 84% used [0xaae40000,0xab20a350,0xab2c0000)
  to   space 4864K, 0% used [0xac580000,0xac580000,0xaca40000)
 ParOldGen       total 21248K, used 5565K [0x94380000, 0x95840000, 0xa8f80000)
  object space 21248K, 26% used [0x94380000,0x948ef718,0x95840000)
 PSPermGen       total 16384K, used 10171K [0x90380000, 0x91380000, 0x94380000)
  object space 16384K, 62% used [0x90380000,0x90d6ec48,0x91380000)
Event: 13.160 GC heap after
Heap after GC invocations=10 (full 0):
 PSYoungGen      total 55296K, used 3193K [0xa8f80000, 0xaca40000, 0xb3580000)
  eden space 50432K, 0% used [0xa8f80000,0xa8f80000,0xac0c0000)
  from space 4864K, 65% used [0xac580000,0xac89e440,0xaca40000)
  to   space 4864K, 0% used [0xac0c0000,0xac0c0000,0xac580000)
 ParOldGen       total 21248K, used 7653K [0x94380000, 0x95840000, 0xa8f80000)
  object space 21248K, 36% used [0x94380000,0x94af9758,0x95840000)
 PSPermGen       total 16384K, used 10171K [0x90380000, 0x91380000, 0x94380000)
  object space 16384K, 62% used [0x90380000,0x90d6ec48,0x91380000)
}
Event: 15.858 GC heap before
{Heap before GC invocations=11 (full 0):
 PSYoungGen      total 55296K, used 53625K [0xa8f80000, 0xaca40000, 0xb3580000)
  eden space 50432K, 100% used [0xa8f80000,0xac0c0000,0xac0c0000)
  from space 4864K, 65% used [0xac580000,0xac89e440,0xaca40000)
  to   space 4864K, 0% used [0xac0c0000,0xac0c0000,0xac580000)
 ParOldGen       total 21248K, used 7653K [0x94380000, 0x95840000, 0xa8f80000)
  object space 21248K, 36% used [0x94380000,0x94af9758,0x95840000)
 PSPermGen       total 16384K, used 10246K [0x90380000, 0x91380000, 0x94380000)
  object space 16384K, 62% used [0x90380000,0x90d818a8,0x91380000)
Event: 15.888 GC heap after
Heap after GC invocations=11 (full 0):
 PSYoungGen      total 55296K, used 2104K [0xa8f80000, 0xae800000, 0xb3580000)
  eden space 50432K, 0% used [0xa8f80000,0xa8f80000,0xac0c0000)
  from space 4864K, 43% used [0xac0c0000,0xac2ce068,0xac580000)
  to   space 4864K, 0% used [0xae340000,0xae340000,0xae800000)
 ParOldGen       total 21248K, used 9891K [0x94380000, 0x95840000, 0xa8f80000)
  object space 21248K, 46% used [0x94380000,0x94d28f68,0x95840000)
 PSPermGen       total 16384K, used 10246K [0x90380000, 0x91380000, 0x94380000)
  object space 16384K, 62% used [0x90380000,0x90d818a8,0x91380000)
}
Event: 16.849 GC heap before
{Heap before GC invocations=12 (full 0):
 PSYoungGen      total 55296K, used 52536K [0xa8f80000, 0xae800000, 0xb3580000)
  eden space 50432K, 100% used [0xa8f80000,0xac0c0000,0xac0c0000)
  from space 4864K, 43% used [0xac0c0000,0xac2ce068,0xac580000)
  to   space 4864K, 0% used [0xae340000,0xae340000,0xae800000)
 ParOldGen       total 21248K, used 9891K [0x94380000, 0x95840000, 0xa8f80000)
  object space 21248K, 46% used [0x94380000,0x94d28f68,0x95840000)
 PSPermGen       total 16384K, used 10479K [0x90380000, 0x91380000, 0x94380000)
  object space 16384K, 63% used [0x90380000,0x90dbbfd8,0x91380000)
Event: 16.874 GC heap after
Heap after GC invocations=12 (full 0):
 PSYoungGen      total 85760K, used 1340K [0xa8f80000, 0xae800000, 0xb3580000)
  eden space 80896K, 0% used [0xa8f80000,0xa8f80000,0xade80000)
  from space 4864K, 27% used [0xae340000,0xae48f310,0xae800000)
  to   space 4864K, 0% used [0xade80000,0xade80000,0xae340000)
 ParOldGen       total 21248K, used 11591K [0x94380000, 0x95840000, 0xa8f80000)
  object space 21248K, 54% used [0x94380000,0x94ed1f68,0x95840000)
 PSPermGen       total 16384K, used 10479K [0x90380000, 0x91380000, 0x94380000)
  object space 16384K, 63% used [0x90380000,0x90dbbfd8,0x91380000)
}
Event: 21.236 GC heap before
{Heap before GC invocations=13 (full 0):
 PSYoungGen      total 85760K, used 82236K [0xa8f80000, 0xae800000, 0xb3580000)
  eden space 80896K, 100% used [0xa8f80000,0xade80000,0xade80000)
  from space 4864K, 27% used [0xae340000,0xae48f310,0xae800000)
  to   space 4864K, 0% used [0xade80000,0xade80000,0xae340000)
 ParOldGen       total 21248K, used 11591K [0x94380000, 0x95840000, 0xa8f80000)
  object space 21248K, 54% used [0x94380000,0x94ed1f68,0x95840000)
 PSPermGen       total 16384K, used 12635K [0x90380000, 0x91380000, 0x94380000)
  object space 16384K, 77% used [0x90380000,0x90fd6c98,0x91380000)

