# JRE version: Java(TM) SE Runtime Environment (7.0_80-b15) (build 1.7.0_80-b15)
# Java VM: Java HotSpot(TM) Server VM (24.80-b11 mixed mode linux-x86 )
Heap
 PSYoungGen      total 91392K, used 2035K [0xa8f40000, 0xb3540000, 0xb3540000)
  eden space 56832K, 0% used [0xa8f40000,0xa8f40000,0xac6c0000)
  from space 34560K, 5% used [0xb1380000,0xb157cd30,0xb3540000)
  to   space 56576K, 0% used [0xac6c0000,0xac6c0000,0xafe00000)
 ParOldGen       total 186368K, used 186341K [0x94340000, 0x9f940000, 0xa8f40000)
  object space 186368K, 99% used [0x94340000,0x9f9395d8,0x9f940000)
 PSPermGen       total 27904K, used 13014K [0x90340000, 0x91e80000, 0x94340000)
  object space 27904K, 46% used [0x90340000,0x90ff5b28,0x91e80000)
GC Heap History (10 events):
Event: 13.885 GC heap after
Heap after GC invocations=13 (full 1):
 PSYoungGen      total 115712K, used 14844K [0xa8f40000, 0xb3540000, 0xb3540000)
  eden space 100864K, 0% used [0xa8f40000,0xa8f40000,0xaf1c0000)
  from space 14848K, 99% used [0xb26c0000,0xb353f2f0,0xb3540000)
  to   space 34560K, 0% used [0xaf1c0000,0xaf1c0000,0xb1380000)
 ParOldGen       total 77568K, used 77473K [0x94340000, 0x98f00000, 0xa8f40000)
  object space 77568K, 99% used [0x94340000,0x98ee8618,0x98f00000)
 PSPermGen       total 25600K, used 12797K [0x90340000, 0x91c40000, 0x94340000)
  object space 25600K, 49% used [0x90340000,0x90fbf448,0x91c40000)
}
Event: 13.886 GC heap before
{Heap before GC invocations=14 (full 2):
 PSYoungGen      total 115712K, used 14844K [0xa8f40000, 0xb3540000, 0xb3540000)
  eden space 100864K, 0% used [0xa8f40000,0xa8f40000,0xaf1c0000)
  from space 14848K, 99% used [0xb26c0000,0xb353f2f0,0xb3540000)
  to   space 34560K, 0% used [0xaf1c0000,0xaf1c0000,0xb1380000)
 ParOldGen       total 77568K, used 77473K [0x94340000, 0x98f00000, 0xa8f40000)
  object space 77568K, 99% used [0x94340000,0x98ee8618,0x98f00000)
 PSPermGen       total 25600K, used 12797K [0x90340000, 0x91c40000, 0x94340000)
  object space 25600K, 49% used [0x90340000,0x90fbf448,0x91c40000)
Event: 14.603 GC heap after
Heap after GC invocations=14 (full 2):
 PSYoungGen      total 115712K, used 13234K [0xa8f40000, 0xb3540000, 0xb3540000)
  eden space 100864K, 0% used [0xa8f40000,0xa8f40000,0xaf1c0000)
  from space 14848K, 89% used [0xb26c0000,0xb33ac988,0xb3540000)
  to   space 34560K, 0% used [0xaf1c0000,0xaf1c0000,0xb1380000)
 ParOldGen       total 122880K, used 77562K [0x94340000, 0x9bb40000, 0xa8f40000)
  object space 122880K, 63% used [0x94340000,0x98efe980,0x9bb40000)
 PSPermGen       total 28928K, used 12796K [0x90340000, 0x91f80000, 0x94340000)
  object space 28928K, 44% used [0x90340000,0x90fbf288,0x91f80000)
}
Event: 19.454 GC heap before
{Heap before GC invocations=15 (full 2):
 PSYoungGen      total 115712K, used 114098K [0xa8f40000, 0xb3540000, 0xb3540000)
  eden space 100864K, 100% used [0xa8f40000,0xaf1c0000,0xaf1c0000)
  from space 14848K, 89% used [0xb26c0000,0xb33ac988,0xb3540000)
  to   space 34560K, 0% used [0xaf1c0000,0xaf1c0000,0xb1380000)
 ParOldGen       total 122880K, used 77562K [0x94340000, 0x9bb40000, 0xa8f40000)
  object space 122880K, 63% used [0x94340000,0x98efe980,0x9bb40000)
 PSPermGen       total 28928K, used 12802K [0x90340000, 0x91f80000, 0x94340000)
  object space 28928K, 44% used [0x90340000,0x90fc0840,0x91f80000)
Event: 20.054 GC heap after
Heap after GC invocations=15 (full 2):
 PSYoungGen      total 135424K, used 34558K [0xa8f40000, 0xb3540000, 0xb3540000)
  eden space 100864K, 0% used [0xa8f40000,0xa8f40000,0xaf1c0000)
  from space 34560K, 99% used [0xaf1c0000,0xb137faf0,0xb1380000)
  to   space 34560K, 0% used [0xb1380000,0xb1380000,0xb3540000)
 ParOldGen       total 122880K, used 117034K [0x94340000, 0x9bb40000, 0xa8f40000)
  object space 122880K, 95% used [0x94340000,0x9b58a8b8,0x9bb40000)
 PSPermGen       total 28928K, used 12802K [0x90340000, 0x91f80000, 0x94340000)
  object space 28928K, 44% used [0x90340000,0x90fc0840,0x91f80000)
}
Event: 20.054 GC heap before
{Heap before GC invocations=16 (full 3):
 PSYoungGen      total 135424K, used 34558K [0xa8f40000, 0xb3540000, 0xb3540000)
  eden space 100864K, 0% used [0xa8f40000,0xa8f40000,0xaf1c0000)
  from space 34560K, 99% used [0xaf1c0000,0xb137faf0,0xb1380000)
  to   space 34560K, 0% used [0xb1380000,0xb1380000,0xb3540000)
 ParOldGen       total 122880K, used 117034K [0x94340000, 0x9bb40000, 0xa8f40000)
  object space 122880K, 95% used [0x94340000,0x9b58a8b8,0x9bb40000)
 PSPermGen       total 28928K, used 12802K [0x90340000, 0x91f80000, 0x94340000)
  object space 28928K, 44% used [0x90340000,0x90fc0840,0x91f80000)
Event: 21.109 GC heap after
Heap after GC invocations=16 (full 3):
 PSYoungGen      total 135424K, used 28161K [0xa8f40000, 0xb3540000, 0xb3540000)
  eden space 100864K, 0% used [0xa8f40000,0xa8f40000,0xaf1c0000)
  from space 34560K, 81% used [0xaf1c0000,0xb0d40588,0xb1380000)
  to   space 34560K, 0% used [0xb1380000,0xb1380000,0xb3540000)
 ParOldGen       total 186368K, used 122662K [0x94340000, 0x9f940000, 0xa8f40000)
  object space 186368K, 65% used [0x94340000,0x9bb09b98,0x9f940000)
 PSPermGen       total 27904K, used 12801K [0x90340000, 0x91e80000, 0x94340000)
  object space 27904K, 45% used [0x90340000,0x90fc07d0,0x91e80000)
}
Event: 27.152 GC heap before
{Heap before GC invocations=17 (full 3):
 PSYoungGen      total 135424K, used 129025K [0xa8f40000, 0xb3540000, 0xb3540000)
  eden space 100864K, 100% used [0xa8f40000,0xaf1c0000,0xaf1c0000)
  from space 34560K, 81% used [0xaf1c0000,0xb0d40588,0xb1380000)
  to   space 34560K, 0% used [0xb1380000,0xb1380000,0xb3540000)
 ParOldGen       total 186368K, used 122662K [0x94340000, 0x9f940000, 0xa8f40000)
  object space 186368K, 65% used [0x94340000,0x9bb09b98,0x9f940000)
 PSPermGen       total 27904K, used 13015K [0x90340000, 0x91e80000, 0x94340000)
  object space 27904K, 46% used [0x90340000,0x90ff5d18,0x91e80000)
Event: 27.542 GC heap after
Heap after GC invocations=17 (full 3):
 PSYoungGen      total 91392K, used 34555K [0xa8f40000, 0xb3540000, 0xb3540000)
  eden space 56832K, 0% used [0xa8f40000,0xa8f40000,0xac6c0000)
  from space 34560K, 99% used [0xb1380000,0xb353ee10,0xb3540000)
  to   space 56576K, 0% used [0xac6c0000,0xac6c0000,0xafe00000)
 ParOldGen       total 186368K, used 154901K [0x94340000, 0x9f940000, 0xa8f40000)
  object space 186368K, 83% used [0x94340000,0x9da855f8,0x9f940000)
 PSPermGen       total 27904K, used 13015K [0x90340000, 0x91e80000, 0x94340000)
  object space 27904K, 46% used [0x90340000,0x90ff5d18,0x91e80000)
}
Event: 27.542 GC heap before
{Heap before GC invocations=18 (full 4):
 PSYoungGen      total 91392K, used 34555K [0xa8f40000, 0xb3540000, 0xb3540000)
  eden space 56832K, 0% used [0xa8f40000,0xa8f40000,0xac6c0000)
  from space 34560K, 99% used [0xb1380000,0xb353ee10,0xb3540000)
  to   space 56576K, 0% used [0xac6c0000,0xac6c0000,0xafe00000)
 ParOldGen       total 186368K, used 154901K [0x94340000, 0x9f940000, 0xa8f40000)
  object space 186368K, 83% used [0x94340000,0x9da855f8,0x9f940000)
 PSPermGen       total 27904K, used 13015K [0x90340000, 0x91e80000, 0x94340000)
  object space 27904K, 46% used [0x90340000,0x90ff5d18,0x91e80000)

