# JRE version: Java(TM) SE Runtime Environment (7.0_80-b15) (build 1.7.0_80-b15)
# Java VM: Java HotSpot(TM) Server VM (24.80-b11 mixed mode linux-x86 )
Heap
 PSYoungGen      total 85760K, used 4851K [0xa8f40000, 0xb1740000, 0xb3540000)
  eden space 80896K, 0% used [0xa8f40000,0xa8f40000,0xade40000)
  from space 4864K, 99% used [0xb1280000,0xb173ce88,0xb1740000)
  to   space 4864K, 0% used [0xade40000,0xade40000,0xae300000)
 ParOldGen       total 55296K, used 55150K [0x94340000, 0x97940000, 0xa8f40000)
  object space 55296K, 99% used [0x94340000,0x9791b870,0x97940000)
 PSPermGen       total 16384K, used 12798K [0x90340000, 0x91340000, 0x94340000)
  object space 16384K, 78% used [0x90340000,0x90fbfa88,0x91340000)
GC Heap History (10 events):
Event: 11.470 GC heap after
Heap after GC invocations=9 (full 0):
 PSYoungGen      total 36096K, used 3899K [0xa8f40000, 0xaca00000, 0xb3540000)
  eden space 31488K, 0% used [0xa8f40000,0xa8f40000,0xaae00000)
  from space 4608K, 84% used [0xaae00000,0xab1ced50,0xab280000)
  to   space 4864K, 0% used [0xac540000,0xac540000,0xaca00000)
 ParOldGen       total 21248K, used 5757K [0x94340000, 0x95800000, 0xa8f40000)
  object space 21248K, 27% used [0x94340000,0x948df490,0x95800000)
 PSPermGen       total 16384K, used 9748K [0x90340000, 0x91340000, 0x94340000)
  object space 16384K, 59% used [0x90340000,0x90cc5378,0x91340000)
}
Event: 13.976 GC heap before
{Heap before GC invocations=10 (full 0):
 PSYoungGen      total 36096K, used 35387K [0xa8f40000, 0xaca00000, 0xb3540000)
  eden space 31488K, 100% used [0xa8f40000,0xaae00000,0xaae00000)
  from space 4608K, 84% used [0xaae00000,0xab1ced50,0xab280000)
  to   space 4864K, 0% used [0xac540000,0xac540000,0xaca00000)
 ParOldGen       total 21248K, used 5757K [0x94340000, 0x95800000, 0xa8f40000)
  object space 21248K, 27% used [0x94340000,0x948df490,0x95800000)
 PSPermGen       total 16384K, used 10171K [0x90340000, 0x91340000, 0x94340000)
  object space 16384K, 62% used [0x90340000,0x90d2eff0,0x91340000)
Event: 14.029 GC heap after
Heap after GC invocations=10 (full 0):
 PSYoungGen      total 55296K, used 3115K [0xa8f40000, 0xaca00000, 0xb3540000)
  eden space 50432K, 0% used [0xa8f40000,0xa8f40000,0xac080000)
  from space 4864K, 64% used [0xac540000,0xac84aee0,0xaca00000)
  to   space 4864K, 0% used [0xac080000,0xac080000,0xac540000)
 ParOldGen       total 21248K, used 7883K [0x94340000, 0x95800000, 0xa8f40000)
  object space 21248K, 37% used [0x94340000,0x94af2ce0,0x95800000)
 PSPermGen       total 16384K, used 10171K [0x90340000, 0x91340000, 0x94340000)
  object space 16384K, 62% used [0x90340000,0x90d2eff0,0x91340000)
}
Event: 15.479 GC heap before
{Heap before GC invocations=11 (full 0):
 PSYoungGen      total 55296K, used 53547K [0xa8f40000, 0xaca00000, 0xb3540000)
  eden space 50432K, 100% used [0xa8f40000,0xac080000,0xac080000)
  from space 4864K, 64% used [0xac540000,0xac84aee0,0xaca00000)
  to   space 4864K, 0% used [0xac080000,0xac080000,0xac540000)
 ParOldGen       total 21248K, used 7883K [0x94340000, 0x95800000, 0xa8f40000)
  object space 21248K, 37% used [0x94340000,0x94af2ce0,0x95800000)
 PSPermGen       total 16384K, used 10277K [0x90340000, 0x91340000, 0x94340000)
  object space 16384K, 62% used [0x90340000,0x90d49798,0x91340000)
Event: 15.508 GC heap after
Heap after GC invocations=11 (full 0):
 PSYoungGen      total 55296K, used 1659K [0xa8f40000, 0xae7c0000, 0xb3540000)
  eden space 50432K, 0% used [0xa8f40000,0xa8f40000,0xac080000)
  from space 4864K, 34% used [0xac080000,0xac21ede8,0xac540000)
  to   space 4864K, 0% used [0xae300000,0xae300000,0xae7c0000)
 ParOldGen       total 21248K, used 10081K [0x94340000, 0x95800000, 0xa8f40000)
  object space 21248K, 47% used [0x94340000,0x94d184f0,0x95800000)
 PSPermGen       total 16384K, used 10277K [0x90340000, 0x91340000, 0x94340000)
  object space 16384K, 62% used [0x90340000,0x90d49798,0x91340000)
}
Event: 16.401 GC heap before
{Heap before GC invocations=12 (full 0):
 PSYoungGen      total 55296K, used 52091K [0xa8f40000, 0xae7c0000, 0xb3540000)
  eden space 50432K, 100% used [0xa8f40000,0xac080000,0xac080000)
  from space 4864K, 34% used [0xac080000,0xac21ede8,0xac540000)
  to   space 4864K, 0% used [0xae300000,0xae300000,0xae7c0000)
 ParOldGen       total 21248K, used 10081K [0x94340000, 0x95800000, 0xa8f40000)
  object space 21248K, 47% used [0x94340000,0x94d184f0,0x95800000)
 PSPermGen       total 16384K, used 10465K [0x90340000, 0x91340000, 0x94340000)
  object space 16384K, 63% used [0x90340000,0x90d78778,0x91340000)
Event: 16.496 GC heap after
Heap after GC invocations=12 (full 0):
 PSYoungGen      total 85760K, used 807K [0xa8f40000, 0xae7c0000, 0xb3540000)
  eden space 80896K, 0% used [0xa8f40000,0xa8f40000,0xade40000)
  from space 4864K, 16% used [0xae300000,0xae3c9c68,0xae7c0000)
  to   space 4864K, 0% used [0xade40000,0xade40000,0xae300000)
 ParOldGen       total 21248K, used 11521K [0x94340000, 0x95800000, 0xa8f40000)
  object space 21248K, 54% used [0x94340000,0x94e804f0,0x95800000)
 PSPermGen       total 16384K, used 10465K [0x90340000, 0x91340000, 0x94340000)
  object space 16384K, 63% used [0x90340000,0x90d78778,0x91340000)
}
Event: 19.274 GC heap before
{Heap before GC invocations=13 (full 0):
 PSYoungGen      total 85760K, used 81703K [0xa8f40000, 0xae7c0000, 0xb3540000)
  eden space 80896K, 100% used [0xa8f40000,0xade40000,0xade40000)
  from space 4864K, 16% used [0xae300000,0xae3c9c68,0xae7c0000)
  to   space 4864K, 0% used [0xade40000,0xade40000,0xae300000)
 ParOldGen       total 21248K, used 11521K [0x94340000, 0x95800000, 0xa8f40000)
  object space 21248K, 54% used [0x94340000,0x94e804f0,0x95800000)
 PSPermGen       total 16384K, used 12593K [0x90340000, 0x91340000, 0x94340000)
  object space 16384K, 76% used [0x90340000,0x90f8c6b0,0x91340000)
Event: 19.292 GC heap after
Heap after GC invocations=13 (full 0):
 PSYoungGen      total 85760K, used 2731K [0xa8f40000, 0xb1740000, 0xb3540000)
  eden space 80896K, 0% used [0xa8f40000,0xa8f40000,0xade40000)
  from space 4864K, 56% used [0xade40000,0xae0eaed0,0xae300000)
  to   space 4864K, 0% used [0xb1280000,0xb1280000,0xb1740000)
 ParOldGen       total 21248K, used 11705K [0x94340000, 0x95800000, 0xa8f40000)
  object space 21248K, 55% used [0x94340000,0x94eae4f0,0x95800000)
 PSPermGen       total 16384K, used 12593K [0x90340000, 0x91340000, 0x94340000)
  object space 16384K, 76% used [0x90340000,0x90f8c6b0,0x91340000)
}
Event: 26.457 GC heap before
{Heap before GC invocations=14 (full 0):
 PSYoungGen      total 85760K, used 83627K [0xa8f40000, 0xb1740000, 0xb3540000)
  eden space 80896K, 100% used [0xa8f40000,0xade40000,0xade40000)
  from space 4864K, 56% used [0xade40000,0xae0eaed0,0xae300000)
  to   space 4864K, 0% used [0xb1280000,0xb1280000,0xb1740000)
 ParOldGen       total 21248K, used 11705K [0x94340000, 0x95800000, 0xa8f40000)
  object space 21248K, 55% used [0x94340000,0x94eae4f0,0x95800000)
 PSPermGen       total 16384K, used 12798K [0x90340000, 0x91340000, 0x94340000)
  object space 16384K, 78% used [0x90340000,0x90fbfa88,0x91340000)

