# JRE version: Java(TM) SE Runtime Environment (7.0_80-b15) (build 1.7.0_80-b15)
# Java VM: Java HotSpot(TM) Server VM (24.80-b11 mixed mode linux-x86 )
Heap
 PSYoungGen      total 113408K, used 0K [0xa8f40000, 0xb3540000, 0xb3540000)
  eden space 56832K, 0% used [0xa8f40000,0xa8f40000,0xac6c0000)
  from space 56576K, 0% used [0xafe00000,0xafe00000,0xb3540000)
  to   space 56576K, 0% used [0xac6c0000,0xac6c0000,0xafe00000)
 ParOldGen       total 231424K, used 205348K [0x94340000, 0xa2540000, 0xa8f40000)
  object space 231424K, 88% used [0x94340000,0xa0bc9218,0xa2540000)
 PSPermGen       total 27904K, used 13375K [0x90340000, 0x91e80000, 0x94340000)
  object space 27904K, 47% used [0x90340000,0x9104fec8,0x91e80000)
GC Heap History (10 events):
Event: 26.128 GC heap after
Heap after GC invocations=17 (full 2):
 PSYoungGen      total 134912K, used 23019K [0xa8f40000, 0xb3540000, 0xb3540000)
  eden space 111104K, 0% used [0xa8f40000,0xa8f40000,0xafbc0000)
  from space 23808K, 96% used [0xafbc0000,0xb123afb0,0xb1300000)
  to   space 35072K, 0% used [0xb1300000,0xb1300000,0xb3540000)
 ParOldGen       total 157696K, used 102453K [0x94340000, 0x9dd40000, 0xa8f40000)
  object space 157696K, 64% used [0x94340000,0x9a74d418,0x9dd40000)
 PSPermGen       total 28928K, used 12797K [0x90340000, 0x91f80000, 0x94340000)
  object space 28928K, 44% used [0x90340000,0x90fbf680,0x91f80000)
}
Event: 29.376 GC heap before
{Heap before GC invocations=18 (full 2):
 PSYoungGen      total 134912K, used 134123K [0xa8f40000, 0xb3540000, 0xb3540000)
  eden space 111104K, 100% used [0xa8f40000,0xafbc0000,0xafbc0000)
  from space 23808K, 96% used [0xafbc0000,0xb123afb0,0xb1300000)
  to   space 35072K, 0% used [0xb1300000,0xb1300000,0xb3540000)
 ParOldGen       total 157696K, used 102453K [0x94340000, 0x9dd40000, 0xa8f40000)
  object space 157696K, 64% used [0x94340000,0x9a74d418,0x9dd40000)
 PSPermGen       total 28928K, used 12911K [0x90340000, 0x91f80000, 0x94340000)
  object space 28928K, 44% used [0x90340000,0x90fdbff8,0x91f80000)
Event: 29.806 GC heap after
Heap after GC invocations=18 (full 2):
 PSYoungGen      total 91904K, used 35063K [0xa8f40000, 0xb3540000, 0xb3540000)
  eden space 56832K, 0% used [0xa8f40000,0xa8f40000,0xac6c0000)
  from space 35072K, 99% used [0xb1300000,0xb353de80,0xb3540000)
  to   space 56576K, 0% used [0xac6c0000,0xac6c0000,0xafe00000)
 ParOldGen       total 157696K, used 140161K [0x94340000, 0x9dd40000, 0xa8f40000)
  object space 157696K, 88% used [0x94340000,0x9cc20740,0x9dd40000)
 PSPermGen       total 28928K, used 12911K [0x90340000, 0x91f80000, 0x94340000)
  object space 28928K, 44% used [0x90340000,0x90fdbff8,0x91f80000)
}
Event: 29.806 GC heap before
{Heap before GC invocations=19 (full 3):
 PSYoungGen      total 91904K, used 35063K [0xa8f40000, 0xb3540000, 0xb3540000)
  eden space 56832K, 0% used [0xa8f40000,0xa8f40000,0xac6c0000)
  from space 35072K, 99% used [0xb1300000,0xb353de80,0xb3540000)
  to   space 56576K, 0% used [0xac6c0000,0xac6c0000,0xafe00000)
 ParOldGen       total 157696K, used 140161K [0x94340000, 0x9dd40000, 0xa8f40000)
  object space 157696K, 88% used [0x94340000,0x9cc20740,0x9dd40000)
 PSPermGen       total 28928K, used 12911K [0x90340000, 0x91f80000, 0x94340000)
  object space 28928K, 44% used [0x90340000,0x90fdbff8,0x91f80000)
Event: 30.969 GC heap after
Heap after GC invocations=19 (full 3):
 PSYoungGen      total 91904K, used 17077K [0xa8f40000, 0xb3540000, 0xb3540000)
  eden space 56832K, 0% used [0xa8f40000,0xa8f40000,0xac6c0000)
  from space 35072K, 48% used [0xb1300000,0xb23ad6e8,0xb3540000)
  to   space 56576K, 0% used [0xac6c0000,0xac6c0000,0xafe00000)
 ParOldGen       total 231424K, used 157591K [0x94340000, 0xa2540000, 0xa8f40000)
  object space 231424K, 68% used [0x94340000,0x9dd25f70,0xa2540000)
 PSPermGen       total 27904K, used 12911K [0x90340000, 0x91e80000, 0x94340000)
  object space 27904K, 46% used [0x90340000,0x90fdbf88,0x91e80000)
}
Event: 33.168 GC heap before
{Heap before GC invocations=20 (full 3):
 PSYoungGen      total 91904K, used 73909K [0xa8f40000, 0xb3540000, 0xb3540000)
  eden space 56832K, 100% used [0xa8f40000,0xac6c0000,0xac6c0000)
  from space 35072K, 48% used [0xb1300000,0xb23ad6e8,0xb3540000)
  to   space 56576K, 0% used [0xac6c0000,0xac6c0000,0xafe00000)
 ParOldGen       total 231424K, used 157591K [0x94340000, 0xa2540000, 0xa8f40000)
  object space 231424K, 68% used [0x94340000,0x9dd25f70,0xa2540000)
 PSPermGen       total 27904K, used 13020K [0x90340000, 0x91e80000, 0x94340000)
  object space 27904K, 46% used [0x90340000,0x90ff7180,0x91e80000)
Event: 33.462 GC heap after
Heap after GC invocations=20 (full 3):
 PSYoungGen      total 113408K, used 29183K [0xa8f40000, 0xb3540000, 0xb3540000)
  eden space 56832K, 0% used [0xa8f40000,0xa8f40000,0xac6c0000)
  from space 56576K, 51% used [0xac6c0000,0xae33ff28,0xafe00000)
  to   space 56576K, 0% used [0xafe00000,0xafe00000,0xb3540000)
 ParOldGen       total 231424K, used 174733K [0x94340000, 0xa2540000, 0xa8f40000)
  object space 231424K, 75% used [0x94340000,0x9ede3560,0xa2540000)
 PSPermGen       total 27904K, used 13020K [0x90340000, 0x91e80000, 0x94340000)
  object space 27904K, 46% used [0x90340000,0x90ff7180,0x91e80000)
}
Event: 39.770 GC heap before
{Heap before GC invocations=21 (full 3):
 PSYoungGen      total 113408K, used 86015K [0xa8f40000, 0xb3540000, 0xb3540000)
  eden space 56832K, 100% used [0xa8f40000,0xac6c0000,0xac6c0000)
  from space 56576K, 51% used [0xac6c0000,0xae33ff28,0xafe00000)
  to   space 56576K, 0% used [0xafe00000,0xafe00000,0xb3540000)
 ParOldGen       total 231424K, used 174733K [0x94340000, 0xa2540000, 0xa8f40000)
  object space 231424K, 75% used [0x94340000,0x9ede3560,0xa2540000)
 PSPermGen       total 27904K, used 13378K [0x90340000, 0x91e80000, 0x94340000)
  object space 27904K, 47% used [0x90340000,0x91050b28,0x91e80000)
Event: 40.000 GC heap after
Heap after GC invocations=21 (full 3):
 PSYoungGen      total 113408K, used 4240K [0xa8f40000, 0xb3540000, 0xb3540000)
  eden space 56832K, 0% used [0xa8f40000,0xa8f40000,0xac6c0000)
  from space 56576K, 7% used [0xafe00000,0xb0224030,0xb3540000)
  to   space 56576K, 0% used [0xac6c0000,0xac6c0000,0xafe00000)
 ParOldGen       total 231424K, used 203792K [0x94340000, 0xa2540000, 0xa8f40000)
  object space 231424K, 88% used [0x94340000,0xa0a44108,0xa2540000)
 PSPermGen       total 27904K, used 13378K [0x90340000, 0x91e80000, 0x94340000)
  object space 27904K, 47% used [0x90340000,0x91050b28,0x91e80000)
}
Event: 40.000 GC heap before
{Heap before GC invocations=22 (full 4):
 PSYoungGen      total 113408K, used 4240K [0xa8f40000, 0xb3540000, 0xb3540000)
  eden space 56832K, 0% used [0xa8f40000,0xa8f40000,0xac6c0000)
  from space 56576K, 7% used [0xafe00000,0xb0224030,0xb3540000)
  to   space 56576K, 0% used [0xac6c0000,0xac6c0000,0xafe00000)
 ParOldGen       total 231424K, used 203792K [0x94340000, 0xa2540000, 0xa8f40000)
  object space 231424K, 88% used [0x94340000,0xa0a44108,0xa2540000)
 PSPermGen       total 27904K, used 13378K [0x90340000, 0x91e80000, 0x94340000)
  object space 27904K, 47% used [0x90340000,0x91050b28,0x91e80000)

