# JRE version: Java(TM) SE Runtime Environment (7.0_80-b15) (build 1.7.0_80-b15)
# Java VM: Java HotSpot(TM) Server VM (24.80-b11 mixed mode linux-x86 )
Heap
 PSYoungGen      total 92416K, used 17310K [0xa8ec0000, 0xb34c0000, 0xb34c0000)
  eden space 56832K, 0% used [0xa8ec0000,0xa8ec0000,0xac640000)
  from space 35584K, 48% used [0xb1200000,0xb22e7808,0xb34c0000)
  to   space 56576K, 0% used [0xac640000,0xac640000,0xafd80000)
 ParOldGen       total 156160K, used 156035K [0x942c0000, 0x9db40000, 0xa8ec0000)
  object space 156160K, 99% used [0x942c0000,0x9db20cd8,0x9db40000)
 PSPermGen       total 28928K, used 12907K [0x902c0000, 0x91f00000, 0x942c0000)
  object space 28928K, 44% used [0x902c0000,0x90f5ae58,0x91f00000)
GC Heap History (10 events):
Event: 20.540 GC heap after
Heap after GC invocations=14 (full 0):
 PSYoungGen      total 118272K, used 4853K [0xa8ec0000, 0xb34c0000, 0xb34c0000)
  eden space 113408K, 0% used [0xa8ec0000,0xa8ec0000,0xafd80000)
  from space 4864K, 99% used [0xb1200000,0xb16bd7b8,0xb16c0000)
  to   space 20992K, 0% used [0xafd80000,0xafd80000,0xb1200000)
 ParOldGen       total 53760K, used 53553K [0x942c0000, 0x97740000, 0xa8ec0000)
  object space 53760K, 99% used [0x942c0000,0x9770c468,0x97740000)
 PSPermGen       total 16384K, used 12797K [0x902c0000, 0x912c0000, 0x942c0000)
  object space 16384K, 78% used [0x902c0000,0x90f3f7f8,0x912c0000)
}
Event: 20.540 GC heap before
{Heap before GC invocations=15 (full 1):
 PSYoungGen      total 118272K, used 4853K [0xa8ec0000, 0xb34c0000, 0xb34c0000)
  eden space 113408K, 0% used [0xa8ec0000,0xa8ec0000,0xafd80000)
  from space 4864K, 99% used [0xb1200000,0xb16bd7b8,0xb16c0000)
  to   space 20992K, 0% used [0xafd80000,0xafd80000,0xb1200000)
 ParOldGen       total 53760K, used 53553K [0x942c0000, 0x97740000, 0xa8ec0000)
  object space 53760K, 99% used [0x942c0000,0x9770c468,0x97740000)
 PSPermGen       total 16384K, used 12797K [0x902c0000, 0x912c0000, 0x942c0000)
  object space 16384K, 78% used [0x902c0000,0x90f3f7f8,0x912c0000)
Event: 21.156 GC heap after
Heap after GC invocations=15 (full 1):
 PSYoungGen      total 118272K, used 0K [0xa8ec0000, 0xb34c0000, 0xb34c0000)
  eden space 113408K, 0% used [0xa8ec0000,0xa8ec0000,0xafd80000)
  from space 4864K, 0% used [0xb1200000,0xb1200000,0xb16c0000)
  to   space 20992K, 0% used [0xafd80000,0xafd80000,0xb1200000)
 ParOldGen       total 84224K, used 53730K [0x942c0000, 0x99500000, 0xa8ec0000)
  object space 84224K, 63% used [0x942c0000,0x97738830,0x99500000)
 PSPermGen       total 25600K, used 12789K [0x902c0000, 0x91bc0000, 0x942c0000)
  object space 25600K, 49% used [0x902c0000,0x90f3d7b0,0x91bc0000)
}
Event: 26.873 GC heap before
{Heap before GC invocations=16 (full 1):
 PSYoungGen      total 118272K, used 113408K [0xa8ec0000, 0xb34c0000, 0xb34c0000)
  eden space 113408K, 100% used [0xa8ec0000,0xafd80000,0xafd80000)
  from space 4864K, 0% used [0xb1200000,0xb1200000,0xb16c0000)
  to   space 20992K, 0% used [0xafd80000,0xafd80000,0xb1200000)
 ParOldGen       total 84224K, used 53730K [0x942c0000, 0x99500000, 0xa8ec0000)
  object space 84224K, 63% used [0x942c0000,0x97738830,0x99500000)
 PSPermGen       total 25600K, used 12797K [0x902c0000, 0x91bc0000, 0x942c0000)
  object space 25600K, 49% used [0x902c0000,0x90f3f7c8,0x91bc0000)
Event: 27.241 GC heap after
Heap after GC invocations=16 (full 1):
 PSYoungGen      total 134400K, used 20977K [0xa8ec0000, 0xb34c0000, 0xb34c0000)
  eden space 113408K, 0% used [0xa8ec0000,0xa8ec0000,0xafd80000)
  from space 20992K, 99% used [0xafd80000,0xb11fc7b8,0xb1200000)
  to   space 35584K, 0% used [0xb1200000,0xb1200000,0xb34c0000)
 ParOldGen       total 101632K, used 101495K [0x942c0000, 0x9a600000, 0xa8ec0000)
  object space 101632K, 99% used [0x942c0000,0x9a5dded0,0x9a600000)
 PSPermGen       total 25600K, used 12797K [0x902c0000, 0x91bc0000, 0x942c0000)
  object space 25600K, 49% used [0x902c0000,0x90f3f7c8,0x91bc0000)
}
Event: 27.241 GC heap before
{Heap before GC invocations=17 (full 2):
 PSYoungGen      total 134400K, used 20977K [0xa8ec0000, 0xb34c0000, 0xb34c0000)
  eden space 113408K, 0% used [0xa8ec0000,0xa8ec0000,0xafd80000)
  from space 20992K, 99% used [0xafd80000,0xb11fc7b8,0xb1200000)
  to   space 35584K, 0% used [0xb1200000,0xb1200000,0xb34c0000)
 ParOldGen       total 101632K, used 101495K [0x942c0000, 0x9a600000, 0xa8ec0000)
  object space 101632K, 99% used [0x942c0000,0x9a5dded0,0x9a600000)
 PSPermGen       total 25600K, used 12797K [0x902c0000, 0x91bc0000, 0x942c0000)
  object space 25600K, 49% used [0x902c0000,0x90f3f7c8,0x91bc0000)
Event: 28.131 GC heap after
Heap after GC invocations=17 (full 2):
 PSYoungGen      total 134400K, used 19174K [0xa8ec0000, 0xb34c0000, 0xb34c0000)
  eden space 113408K, 0% used [0xa8ec0000,0xa8ec0000,0xafd80000)
  from space 20992K, 91% used [0xafd80000,0xb1039808,0xb1200000)
  to   space 35584K, 0% used [0xb1200000,0xb1200000,0xb34c0000)
 ParOldGen       total 156160K, used 101418K [0x942c0000, 0x9db40000, 0xa8ec0000)
  object space 156160K, 64% used [0x942c0000,0x9a5ca9c0,0x9db40000)
 PSPermGen       total 28928K, used 12797K [0x902c0000, 0x91f00000, 0x942c0000)
  object space 28928K, 44% used [0x902c0000,0x90f3f788,0x91f00000)
}
Event: 33.803 GC heap before
{Heap before GC invocations=18 (full 2):
 PSYoungGen      total 134400K, used 132582K [0xa8ec0000, 0xb34c0000, 0xb34c0000)
  eden space 113408K, 100% used [0xa8ec0000,0xafd80000,0xafd80000)
  from space 20992K, 91% used [0xafd80000,0xb1039808,0xb1200000)
  to   space 35584K, 0% used [0xb1200000,0xb1200000,0xb34c0000)
 ParOldGen       total 156160K, used 101418K [0x942c0000, 0x9db40000, 0xa8ec0000)
  object space 156160K, 64% used [0x942c0000,0x9a5ca9c0,0x9db40000)
 PSPermGen       total 28928K, used 12907K [0x902c0000, 0x91f00000, 0x942c0000)
  object space 28928K, 44% used [0x902c0000,0x90f5ae98,0x91f00000)
Event: 35.090 GC heap after
Heap after GC invocations=18 (full 2):
 PSYoungGen      total 92416K, used 35580K [0xa8ec0000, 0xb34c0000, 0xb34c0000)
  eden space 56832K, 0% used [0xa8ec0000,0xa8ec0000,0xac640000)
  from space 35584K, 99% used [0xb1200000,0xb34bf3c8,0xb34c0000)
  to   space 56576K, 0% used [0xac640000,0xac640000,0xafd80000)
 ParOldGen       total 156160K, used 138367K [0x942c0000, 0x9db40000, 0xa8ec0000)
  object space 156160K, 88% used [0x942c0000,0x9c9dfcd8,0x9db40000)
 PSPermGen       total 28928K, used 12907K [0x902c0000, 0x91f00000, 0x942c0000)
  object space 28928K, 44% used [0x902c0000,0x90f5ae98,0x91f00000)
}
Event: 35.101 GC heap before
{Heap before GC invocations=19 (full 3):
 PSYoungGen      total 92416K, used 35580K [0xa8ec0000, 0xb34c0000, 0xb34c0000)
  eden space 56832K, 0% used [0xa8ec0000,0xa8ec0000,0xac640000)
  from space 35584K, 99% used [0xb1200000,0xb34bf3c8,0xb34c0000)
  to   space 56576K, 0% used [0xac640000,0xac640000,0xafd80000)
 ParOldGen       total 156160K, used 138367K [0x942c0000, 0x9db40000, 0xa8ec0000)
  object space 156160K, 88% used [0x942c0000,0x9c9dfcd8,0x9db40000)
 PSPermGen       total 28928K, used 12907K [0x902c0000, 0x91f00000, 0x942c0000)
  object space 28928K, 44% used [0x902c0000,0x90f5ae98,0x91f00000)

