# JRE version: Java(TM) SE Runtime Environment (7.0_80-b15) (build 1.7.0_80-b15)
# Java VM: Java HotSpot(TM) Server VM (24.80-b11 mixed mode linux-x86 )
Heap
 PSYoungGen      total 88576K, used 7838K [0xa8f40000, 0xb3540000, 0xb3540000)
  eden space 56832K, 0% used [0xa8f40000,0xa8f40000,0xac6c0000)
  from space 31744K, 24% used [0xb1640000,0xb1de7b90,0xb3540000)
  to   space 56576K, 0% used [0xac6c0000,0xac6c0000,0xafe00000)
 ParOldGen       total 179968K, used 179741K [0x94340000, 0x9f300000, 0xa8f40000)
  object space 179968K, 99% used [0x94340000,0x9f2c76a8,0x9f300000)
 PSPermGen       total 27904K, used 13015K [0x90340000, 0x91e80000, 0x94340000)
  object space 27904K, 46% used [0x90340000,0x90ff5e98,0x91e80000)
GC Heap History (10 events):
Event: 22.064 GC heap after
Heap after GC invocations=13 (full 1):
 PSYoungGen      total 117760K, used 11260K [0xa8f40000, 0xb3540000, 0xb3540000)
  eden space 106496K, 0% used [0xa8f40000,0xa8f40000,0xaf740000)
  from space 11264K, 99% used [0xb2a40000,0xb353f2c8,0xb3540000)
  to   space 31744K, 0% used [0xaf740000,0xaf740000,0xb1640000)
 ParOldGen       total 71936K, used 71870K [0x94340000, 0x98980000, 0xa8f40000)
  object space 71936K, 99% used [0x94340000,0x9896fa98,0x98980000)
 PSPermGen       total 25600K, used 12794K [0x90340000, 0x91c40000, 0x94340000)
  object space 25600K, 49% used [0x90340000,0x90fbeaa0,0x91c40000)
}
Event: 22.064 GC heap before
{Heap before GC invocations=14 (full 2):
 PSYoungGen      total 117760K, used 11260K [0xa8f40000, 0xb3540000, 0xb3540000)
  eden space 106496K, 0% used [0xa8f40000,0xa8f40000,0xaf740000)
  from space 11264K, 99% used [0xb2a40000,0xb353f2c8,0xb3540000)
  to   space 31744K, 0% used [0xaf740000,0xaf740000,0xb1640000)
 ParOldGen       total 71936K, used 71870K [0x94340000, 0x98980000, 0xa8f40000)
  object space 71936K, 99% used [0x94340000,0x9896fa98,0x98980000)
 PSPermGen       total 25600K, used 12794K [0x90340000, 0x91c40000, 0x94340000)
  object space 25600K, 49% used [0x90340000,0x90fbeaa0,0x91c40000)
Event: 22.780 GC heap after
Heap after GC invocations=14 (full 2):
 PSYoungGen      total 117760K, used 9946K [0xa8f40000, 0xb3540000, 0xb3540000)
  eden space 106496K, 0% used [0xa8f40000,0xa8f40000,0xaf740000)
  from space 11264K, 88% used [0xb2a40000,0xb33f69b8,0xb3540000)
  to   space 31744K, 0% used [0xaf740000,0xaf740000,0xb1640000)
 ParOldGen       total 115712K, used 71684K [0x94340000, 0x9b440000, 0xa8f40000)
  object space 115712K, 61% used [0x94340000,0x989411e0,0x9b440000)
 PSPermGen       total 28928K, used 12794K [0x90340000, 0x91f80000, 0x94340000)
  object space 28928K, 44% used [0x90340000,0x90fbe920,0x91f80000)
}
Event: 28.101 GC heap before
{Heap before GC invocations=15 (full 2):
 PSYoungGen      total 117760K, used 116442K [0xa8f40000, 0xb3540000, 0xb3540000)
  eden space 106496K, 100% used [0xa8f40000,0xaf740000,0xaf740000)
  from space 11264K, 88% used [0xb2a40000,0xb33f69b8,0xb3540000)
  to   space 31744K, 0% used [0xaf740000,0xaf740000,0xb1640000)
 ParOldGen       total 115712K, used 71684K [0x94340000, 0x9b440000, 0xa8f40000)
  object space 115712K, 61% used [0x94340000,0x989411e0,0x9b440000)
 PSPermGen       total 28928K, used 12800K [0x90340000, 0x91f80000, 0x94340000)
  object space 28928K, 44% used [0x90340000,0x90fc0208,0x91f80000)
Event: 28.579 GC heap after
Heap after GC invocations=15 (full 2):
 PSYoungGen      total 138240K, used 31737K [0xa8f40000, 0xb3540000, 0xb3540000)
  eden space 106496K, 0% used [0xa8f40000,0xa8f40000,0xaf740000)
  from space 31744K, 99% used [0xaf740000,0xb163e450,0xb1640000)
  to   space 31744K, 0% used [0xb1640000,0xb1640000,0xb3540000)
 ParOldGen       total 115712K, used 113731K [0x94340000, 0x9b440000, 0xa8f40000)
  object space 115712K, 98% used [0x94340000,0x9b250f80,0x9b440000)
 PSPermGen       total 28928K, used 12800K [0x90340000, 0x91f80000, 0x94340000)
  object space 28928K, 44% used [0x90340000,0x90fc0208,0x91f80000)
}
Event: 28.579 GC heap before
{Heap before GC invocations=16 (full 3):
 PSYoungGen      total 138240K, used 31737K [0xa8f40000, 0xb3540000, 0xb3540000)
  eden space 106496K, 0% used [0xa8f40000,0xa8f40000,0xaf740000)
  from space 31744K, 99% used [0xaf740000,0xb163e450,0xb1640000)
  to   space 31744K, 0% used [0xb1640000,0xb1640000,0xb3540000)
 ParOldGen       total 115712K, used 113731K [0x94340000, 0x9b440000, 0xa8f40000)
  object space 115712K, 98% used [0x94340000,0x9b250f80,0x9b440000)
 PSPermGen       total 28928K, used 12800K [0x90340000, 0x91f80000, 0x94340000)
  object space 28928K, 44% used [0x90340000,0x90fc0208,0x91f80000)
Event: 29.889 GC heap after
Heap after GC invocations=16 (full 3):
 PSYoungGen      total 138240K, used 29132K [0xa8f40000, 0xb3540000, 0xb3540000)
  eden space 106496K, 0% used [0xa8f40000,0xa8f40000,0xaf740000)
  from space 31744K, 91% used [0xaf740000,0xb13b33a8,0xb1640000)
  to   space 31744K, 0% used [0xb1640000,0xb1640000,0xb3540000)
 ParOldGen       total 179968K, used 115702K [0x94340000, 0x9f300000, 0xa8f40000)
  object space 179968K, 64% used [0x94340000,0x9b43d9a8,0x9f300000)
 PSPermGen       total 27904K, used 12800K [0x90340000, 0x91e80000, 0x94340000)
  object space 27904K, 45% used [0x90340000,0x90fc01a8,0x91e80000)
}
Event: 35.884 GC heap before
{Heap before GC invocations=17 (full 3):
 PSYoungGen      total 138240K, used 135628K [0xa8f40000, 0xb3540000, 0xb3540000)
  eden space 106496K, 100% used [0xa8f40000,0xaf740000,0xaf740000)
  from space 31744K, 91% used [0xaf740000,0xb13b33a8,0xb1640000)
  to   space 31744K, 0% used [0xb1640000,0xb1640000,0xb3540000)
 ParOldGen       total 179968K, used 115702K [0x94340000, 0x9f300000, 0xa8f40000)
  object space 179968K, 64% used [0x94340000,0x9b43d9a8,0x9f300000)
 PSPermGen       total 27904K, used 13016K [0x90340000, 0x91e80000, 0x94340000)
  object space 27904K, 46% used [0x90340000,0x90ff60d8,0x91e80000)
Event: 37.686 GC heap after
Heap after GC invocations=17 (full 3):
 PSYoungGen      total 88576K, used 31740K [0xa8f40000, 0xb3540000, 0xb3540000)
  eden space 56832K, 0% used [0xa8f40000,0xa8f40000,0xac6c0000)
  from space 31744K, 99% used [0xb1640000,0xb353f1b8,0xb3540000)
  to   space 56576K, 0% used [0xac6c0000,0xac6c0000,0xafe00000)
 ParOldGen       total 179968K, used 156420K [0x94340000, 0x9f300000, 0xa8f40000)
  object space 179968K, 86% used [0x94340000,0x9dc012c0,0x9f300000)
 PSPermGen       total 27904K, used 13016K [0x90340000, 0x91e80000, 0x94340000)
  object space 27904K, 46% used [0x90340000,0x90ff60d8,0x91e80000)
}
Event: 37.811 GC heap before
{Heap before GC invocations=18 (full 4):
 PSYoungGen      total 88576K, used 31740K [0xa8f40000, 0xb3540000, 0xb3540000)
  eden space 56832K, 0% used [0xa8f40000,0xa8f40000,0xac6c0000)
  from space 31744K, 99% used [0xb1640000,0xb353f1b8,0xb3540000)
  to   space 56576K, 0% used [0xac6c0000,0xac6c0000,0xafe00000)
 ParOldGen       total 179968K, used 156420K [0x94340000, 0x9f300000, 0xa8f40000)
  object space 179968K, 86% used [0x94340000,0x9dc012c0,0x9f300000)
 PSPermGen       total 27904K, used 13016K [0x90340000, 0x91e80000, 0x94340000)
  object space 27904K, 46% used [0x90340000,0x90ff60d8,0x91e80000)

