# JRE version: Java(TM) SE Runtime Environment (7.0_80-b15) (build 1.7.0_80-b15)
# Java VM: Java HotSpot(TM) Server VM (24.80-b11 mixed mode linux-x86 )
Heap
 PSYoungGen      total 133888K, used 20163K [0xa8f40000, 0xb3540000, 0xb3540000)
  eden space 112384K, 0% used [0xa8f40000,0xa8f40000,0xafd00000)
  from space 21504K, 93% used [0xafd00000,0xb10b0c80,0xb1200000)
  to   space 36096K, 0% used [0xb1200000,0xb1200000,0xb3540000)
 ParOldGen       total 101888K, used 101792K [0x94340000, 0x9a6c0000, 0xa8f40000)
  object space 101888K, 99% used [0x94340000,0x9a6a8258,0x9a6c0000)
 PSPermGen       total 25600K, used 12797K [0x90340000, 0x91c40000, 0x94340000)
  object space 25600K, 49% used [0x90340000,0x90fbf668,0x91c40000)
GC Heap History (10 events):
Event: 12.649 GC heap after
Heap after GC invocations=12 (full 0):
 PSYoungGen      total 85504K, used 872K [0xa8f40000, 0xae840000, 0xb3540000)
  eden space 80640K, 0% used [0xa8f40000,0xa8f40000,0xade00000)
  from space 4864K, 17% used [0xae300000,0xae3da1c8,0xae7c0000)
  to   space 5120K, 0% used [0xade00000,0xade00000,0xae300000)
 ParOldGen       total 21248K, used 11619K [0x94340000, 0x95800000, 0xa8f40000)
  object space 21248K, 54% used [0x94340000,0x94e98c98,0x95800000)
 PSPermGen       total 16384K, used 10464K [0x90340000, 0x91340000, 0x94340000)
  object space 16384K, 63% used [0x90340000,0x90d78190,0x91340000)
}
Event: 14.645 GC heap before
{Heap before GC invocations=13 (full 0):
 PSYoungGen      total 85504K, used 81512K [0xa8f40000, 0xae840000, 0xb3540000)
  eden space 80640K, 100% used [0xa8f40000,0xade00000,0xade00000)
  from space 4864K, 17% used [0xae300000,0xae3da1c8,0xae7c0000)
  to   space 5120K, 0% used [0xade00000,0xade00000,0xae300000)
 ParOldGen       total 21248K, used 11619K [0x94340000, 0x95800000, 0xa8f40000)
  object space 21248K, 54% used [0x94340000,0x94e98c98,0x95800000)
 PSPermGen       total 16384K, used 12592K [0x90340000, 0x91340000, 0x94340000)
  object space 16384K, 76% used [0x90340000,0x90f8c0f8,0x91340000)
Event: 14.664 GC heap after
Heap after GC invocations=13 (full 0):
 PSYoungGen      total 85760K, used 2431K [0xa8f40000, 0xb16c0000, 0xb3540000)
  eden space 80640K, 0% used [0xa8f40000,0xa8f40000,0xade00000)
  from space 5120K, 47% used [0xade00000,0xae05ff68,0xae300000)
  to   space 4864K, 0% used [0xb1200000,0xb1200000,0xb16c0000)
 ParOldGen       total 21248K, used 11807K [0x94340000, 0x95800000, 0xa8f40000)
  object space 21248K, 55% used [0x94340000,0x94ec7c98,0x95800000)
 PSPermGen       total 16384K, used 12592K [0x90340000, 0x91340000, 0x94340000)
  object space 16384K, 76% used [0x90340000,0x90f8c0f8,0x91340000)
}
Event: 20.428 GC heap before
{Heap before GC invocations=14 (full 0):
 PSYoungGen      total 85760K, used 83071K [0xa8f40000, 0xb16c0000, 0xb3540000)
  eden space 80640K, 100% used [0xa8f40000,0xade00000,0xade00000)
  from space 5120K, 47% used [0xade00000,0xae05ff68,0xae300000)
  to   space 4864K, 0% used [0xb1200000,0xb1200000,0xb16c0000)
 ParOldGen       total 21248K, used 11807K [0x94340000, 0x95800000, 0xa8f40000)
  object space 21248K, 55% used [0x94340000,0x94ec7c98,0x95800000)
 PSPermGen       total 16384K, used 12795K [0x90340000, 0x91340000, 0x94340000)
  object space 16384K, 78% used [0x90340000,0x90fbef60,0x91340000)
Event: 20.676 GC heap after
Heap after GC invocations=14 (full 0):
 PSYoungGen      total 117248K, used 4857K [0xa8f40000, 0xb3540000, 0xb3540000)
  eden space 112384K, 0% used [0xa8f40000,0xa8f40000,0xafd00000)
  from space 4864K, 99% used [0xb1200000,0xb16be690,0xb16c0000)
  to   space 21504K, 0% used [0xafd00000,0xafd00000,0xb1200000)
 ParOldGen       total 55552K, used 55385K [0x94340000, 0x97980000, 0xa8f40000)
  object space 55552K, 99% used [0x94340000,0x97956528,0x97980000)
 PSPermGen       total 16384K, used 12795K [0x90340000, 0x91340000, 0x94340000)
  object space 16384K, 78% used [0x90340000,0x90fbef60,0x91340000)
}
Event: 20.676 GC heap before
{Heap before GC invocations=15 (full 1):
 PSYoungGen      total 117248K, used 4857K [0xa8f40000, 0xb3540000, 0xb3540000)
  eden space 112384K, 0% used [0xa8f40000,0xa8f40000,0xafd00000)
  from space 4864K, 99% used [0xb1200000,0xb16be690,0xb16c0000)
  to   space 21504K, 0% used [0xafd00000,0xafd00000,0xb1200000)
 ParOldGen       total 55552K, used 55385K [0x94340000, 0x97980000, 0xa8f40000)
  object space 55552K, 99% used [0x94340000,0x97956528,0x97980000)
 PSPermGen       total 16384K, used 12795K [0x90340000, 0x91340000, 0x94340000)
  object space 16384K, 78% used [0x90340000,0x90fbef60,0x91340000)
Event: 21.351 GC heap after
Heap after GC invocations=15 (full 1):
 PSYoungGen      total 117248K, used 0K [0xa8f40000, 0xb3540000, 0xb3540000)
  eden space 112384K, 0% used [0xa8f40000,0xa8f40000,0xafd00000)
  from space 4864K, 0% used [0xb1200000,0xb1200000,0xb16c0000)
  to   space 21504K, 0% used [0xafd00000,0xafd00000,0xb1200000)
 ParOldGen       total 86272K, used 55423K [0x94340000, 0x99780000, 0xa8f40000)
  object space 86272K, 64% used [0x94340000,0x9795fe68,0x99780000)
 PSPermGen       total 25600K, used 12787K [0x90340000, 0x91c40000, 0x94340000)
  object space 25600K, 49% used [0x90340000,0x90fbcef8,0x91c40000)
}
Event: 27.874 GC heap before
{Heap before GC invocations=16 (full 1):
 PSYoungGen      total 117248K, used 112384K [0xa8f40000, 0xb3540000, 0xb3540000)
  eden space 112384K, 100% used [0xa8f40000,0xafd00000,0xafd00000)
  from space 4864K, 0% used [0xb1200000,0xb1200000,0xb16c0000)
  to   space 21504K, 0% used [0xafd00000,0xafd00000,0xb1200000)
 ParOldGen       total 86272K, used 55423K [0x94340000, 0x99780000, 0xa8f40000)
  object space 86272K, 64% used [0x94340000,0x9795fe68,0x99780000)
 PSPermGen       total 25600K, used 12797K [0x90340000, 0x91c40000, 0x94340000)
  object space 25600K, 49% used [0x90340000,0x90fbf6c8,0x91c40000)
Event: 28.192 GC heap after
Heap after GC invocations=16 (full 1):
 PSYoungGen      total 133888K, used 21500K [0xa8f40000, 0xb3540000, 0xb3540000)
  eden space 112384K, 0% used [0xa8f40000,0xa8f40000,0xafd00000)
  from space 21504K, 99% used [0xafd00000,0xb11ff198,0xb1200000)
  to   space 36096K, 0% used [0xb1200000,0xb1200000,0xb3540000)
 ParOldGen       total 101888K, used 101758K [0x94340000, 0x9a6c0000, 0xa8f40000)
  object space 101888K, 99% used [0x94340000,0x9a69f860,0x9a6c0000)
 PSPermGen       total 25600K, used 12797K [0x90340000, 0x91c40000, 0x94340000)
  object space 25600K, 49% used [0x90340000,0x90fbf6c8,0x91c40000)
}
Event: 28.192 GC heap before
{Heap before GC invocations=17 (full 2):
 PSYoungGen      total 133888K, used 21500K [0xa8f40000, 0xb3540000, 0xb3540000)
  eden space 112384K, 0% used [0xa8f40000,0xa8f40000,0xafd00000)
  from space 21504K, 99% used [0xafd00000,0xb11ff198,0xb1200000)
  to   space 36096K, 0% used [0xb1200000,0xb1200000,0xb3540000)
 ParOldGen       total 101888K, used 101758K [0x94340000, 0x9a6c0000, 0xa8f40000)
  object space 101888K, 99% used [0x94340000,0x9a69f860,0x9a6c0000)
 PSPermGen       total 25600K, used 12797K [0x90340000, 0x91c40000, 0x94340000)
  object space 25600K, 49% used [0x90340000,0x90fbf6c8,0x91c40000)

