# JRE version: Java(TM) SE Runtime Environment (7.0_80-b15) (build 1.7.0_80-b15)
# Java VM: Java HotSpot(TM) Server VM (24.80-b11 mixed mode linux-x86 )
Heap
 PSYoungGen      total 116992K, used 112384K [0xa8f40000, 0xb3540000, 0xb3540000)
  eden space 112384K, 100% used [0xa8f40000,0xafd00000,0xafd00000)
  from space 4608K, 0% used [0xb1240000,0xb1240000,0xb16c0000)
  to   space 21760K, 99% used [0xafd00000,0xb123dea8,0xb1240000)
 ParOldGen       total 87040K, used 87036K [0x94340000, 0x99840000, 0xa8f40000)
  object space 87040K, 99% used [0x94340000,0x9983f3a0,0x99840000)
 PSPermGen       total 25600K, used 12799K [0x90340000, 0x91c40000, 0x94340000)
  object space 25600K, 49% used [0x90340000,0x90fbfe10,0x91c40000)
GC Heap History (10 events):
Event: 12.444 GC heap after
Heap after GC invocations=11 (full 0):
 PSYoungGen      total 55296K, used 1624K [0xa8f40000, 0xae7c0000, 0xb3540000)
  eden space 50432K, 0% used [0xa8f40000,0xa8f40000,0xac080000)
  from space 4864K, 33% used [0xac080000,0xac2161b8,0xac540000)
  to   space 4864K, 0% used [0xae300000,0xae300000,0xae7c0000)
 ParOldGen       total 21248K, used 9983K [0x94340000, 0x95800000, 0xa8f40000)
  object space 21248K, 46% used [0x94340000,0x94cffff0,0x95800000)
 PSPermGen       total 16384K, used 10263K [0x90340000, 0x91340000, 0x94340000)
  object space 16384K, 62% used [0x90340000,0x90d45f70,0x91340000)
}
Event: 13.066 GC heap before
{Heap before GC invocations=12 (full 0):
 PSYoungGen      total 55296K, used 52056K [0xa8f40000, 0xae7c0000, 0xb3540000)
  eden space 50432K, 100% used [0xa8f40000,0xac080000,0xac080000)
  from space 4864K, 33% used [0xac080000,0xac2161b8,0xac540000)
  to   space 4864K, 0% used [0xae300000,0xae300000,0xae7c0000)
 ParOldGen       total 21248K, used 9983K [0x94340000, 0x95800000, 0xa8f40000)
  object space 21248K, 46% used [0x94340000,0x94cffff0,0x95800000)
 PSPermGen       total 16384K, used 10465K [0x90340000, 0x91340000, 0x94340000)
  object space 16384K, 63% used [0x90340000,0x90d785c8,0x91340000)
Event: 13.084 GC heap after
Heap after GC invocations=12 (full 0):
 PSYoungGen      total 85760K, used 802K [0xa8f40000, 0xae7c0000, 0xb3540000)
  eden space 80896K, 0% used [0xa8f40000,0xa8f40000,0xade40000)
  from space 4864K, 16% used [0xae300000,0xae3c89b0,0xae7c0000)
  to   space 4864K, 0% used [0xade40000,0xade40000,0xae300000)
 ParOldGen       total 21248K, used 11423K [0x94340000, 0x95800000, 0xa8f40000)
  object space 21248K, 53% used [0x94340000,0x94e67ff0,0x95800000)
 PSPermGen       total 16384K, used 10465K [0x90340000, 0x91340000, 0x94340000)
  object space 16384K, 63% used [0x90340000,0x90d785c8,0x91340000)
}
Event: 15.316 GC heap before
{Heap before GC invocations=13 (full 0):
 PSYoungGen      total 85760K, used 81698K [0xa8f40000, 0xae7c0000, 0xb3540000)
  eden space 80896K, 100% used [0xa8f40000,0xade40000,0xade40000)
  from space 4864K, 16% used [0xae300000,0xae3c89b0,0xae7c0000)
  to   space 4864K, 0% used [0xade40000,0xade40000,0xae300000)
 ParOldGen       total 21248K, used 11423K [0x94340000, 0x95800000, 0xa8f40000)
  object space 21248K, 53% used [0x94340000,0x94e67ff0,0x95800000)
 PSPermGen       total 16384K, used 12593K [0x90340000, 0x91340000, 0x94340000)
  object space 16384K, 76% used [0x90340000,0x90f8c5c8,0x91340000)
Event: 15.349 GC heap after
Heap after GC invocations=13 (full 0):
 PSYoungGen      total 85760K, used 2475K [0xa8f40000, 0xb16c0000, 0xb3540000)
  eden space 80896K, 0% used [0xa8f40000,0xa8f40000,0xade40000)
  from space 4864K, 50% used [0xade40000,0xae0aaf68,0xae300000)
  to   space 4608K, 0% used [0xb1240000,0xb1240000,0xb16c0000)
 ParOldGen       total 21248K, used 11611K [0x94340000, 0x95800000, 0xa8f40000)
  object space 21248K, 54% used [0x94340000,0x94e96ff0,0x95800000)
 PSPermGen       total 16384K, used 12593K [0x90340000, 0x91340000, 0x94340000)
  object space 16384K, 76% used [0x90340000,0x90f8c5c8,0x91340000)
}
Event: 23.867 GC heap before
{Heap before GC invocations=14 (full 0):
 PSYoungGen      total 85760K, used 83371K [0xa8f40000, 0xb16c0000, 0xb3540000)
  eden space 80896K, 100% used [0xa8f40000,0xade40000,0xade40000)
  from space 4864K, 50% used [0xade40000,0xae0aaf68,0xae300000)
  to   space 4608K, 0% used [0xb1240000,0xb1240000,0xb16c0000)
 ParOldGen       total 21248K, used 11611K [0x94340000, 0x95800000, 0xa8f40000)
  object space 21248K, 54% used [0x94340000,0x94e96ff0,0x95800000)
 PSPermGen       total 16384K, used 12798K [0x90340000, 0x91340000, 0x94340000)
  object space 16384K, 78% used [0x90340000,0x90fbf840,0x91340000)
Event: 24.160 GC heap after
Heap after GC invocations=14 (full 0):
 PSYoungGen      total 116992K, used 4604K [0xa8f40000, 0xb3540000, 0xb3540000)
  eden space 112384K, 0% used [0xa8f40000,0xa8f40000,0xafd00000)
  from space 4608K, 99% used [0xb1240000,0xb16bf1f0,0xb16c0000)
  to   space 21760K, 0% used [0xafd00000,0xafd00000,0xb1240000)
 ParOldGen       total 56064K, used 55919K [0x94340000, 0x97a00000, 0xa8f40000)
  object space 56064K, 99% used [0x94340000,0x979dbd58,0x97a00000)
 PSPermGen       total 16384K, used 12798K [0x90340000, 0x91340000, 0x94340000)
  object space 16384K, 78% used [0x90340000,0x90fbf840,0x91340000)
}
Event: 24.160 GC heap before
{Heap before GC invocations=15 (full 1):
 PSYoungGen      total 116992K, used 4604K [0xa8f40000, 0xb3540000, 0xb3540000)
  eden space 112384K, 0% used [0xa8f40000,0xa8f40000,0xafd00000)
  from space 4608K, 99% used [0xb1240000,0xb16bf1f0,0xb16c0000)
  to   space 21760K, 0% used [0xafd00000,0xafd00000,0xb1240000)
 ParOldGen       total 56064K, used 55919K [0x94340000, 0x97a00000, 0xa8f40000)
  object space 56064K, 99% used [0x94340000,0x979dbd58,0x97a00000)
 PSPermGen       total 16384K, used 12798K [0x90340000, 0x91340000, 0x94340000)
  object space 16384K, 78% used [0x90340000,0x90fbf840,0x91340000)
Event: 24.891 GC heap after
Heap after GC invocations=15 (full 1):
 PSYoungGen      total 116992K, used 0K [0xa8f40000, 0xb3540000, 0xb3540000)
  eden space 112384K, 0% used [0xa8f40000,0xa8f40000,0xafd00000)
  from space 4608K, 0% used [0xb1240000,0xb1240000,0xb16c0000)
  to   space 21760K, 0% used [0xafd00000,0xafd00000,0xb1240000)
 ParOldGen       total 87040K, used 55885K [0x94340000, 0x99840000, 0xa8f40000)
  object space 87040K, 64% used [0x94340000,0x979d3510,0x99840000)
 PSPermGen       total 25600K, used 12789K [0x90340000, 0x91c40000, 0x94340000)
  object space 25600K, 49% used [0x90340000,0x90fbd798,0x91c40000)
}
Event: 37.472 GC heap before
{Heap before GC invocations=16 (full 1):
 PSYoungGen      total 116992K, used 112384K [0xa8f40000, 0xb3540000, 0xb3540000)
  eden space 112384K, 100% used [0xa8f40000,0xafd00000,0xafd00000)
  from space 4608K, 0% used [0xb1240000,0xb1240000,0xb16c0000)
  to   space 21760K, 0% used [0xafd00000,0xafd00000,0xb1240000)
 ParOldGen       total 87040K, used 55885K [0x94340000, 0x99840000, 0xa8f40000)
  object space 87040K, 64% used [0x94340000,0x979d3510,0x99840000)
 PSPermGen       total 25600K, used 12799K [0x90340000, 0x91c40000, 0x94340000)
  object space 25600K, 49% used [0x90340000,0x90fbfe10,0x91c40000)

