# JRE version: Java(TM) SE Runtime Environment (7.0_80-b15) (build 1.7.0_80-b15)
# Java VM: Java HotSpot(TM) Server VM (24.80-b11 mixed mode linux-x86 )
Heap
 PSYoungGen      total 92416K, used 16771K [0xa8ec0000, 0xb34c0000, 0xb34c0000)
  eden space 56832K, 0% used [0xa8ec0000,0xa8ec0000,0xac640000)
  from space 35584K, 47% used [0xb1200000,0xb2260cc8,0xb34c0000)
  to   space 56576K, 0% used [0xac640000,0xac640000,0xafd80000)
 ParOldGen       total 156672K, used 156488K [0x942c0000, 0x9dbc0000, 0xa8ec0000)
  object space 156672K, 99% used [0x942c0000,0x9db923c0,0x9dbc0000)
 PSPermGen       total 28928K, used 12913K [0x902c0000, 0x91f00000, 0x942c0000)
  object space 28928K, 44% used [0x902c0000,0x90f5c400,0x91f00000)
GC Heap History (10 events):
Event: 17.875 GC heap after
Heap after GC invocations=14 (full 0):
 PSYoungGen      total 117504K, used 4857K [0xa8ec0000, 0xb34c0000, 0xb34c0000)
  eden space 112640K, 0% used [0xa8ec0000,0xa8ec0000,0xafcc0000)
  from space 4864K, 99% used [0xb1200000,0xb16be638,0xb16c0000)
  to   space 21760K, 0% used [0xafcc0000,0xafcc0000,0xb1200000)
 ParOldGen       total 56064K, used 55826K [0x942c0000, 0x97980000, 0xa8ec0000)
  object space 56064K, 99% used [0x942c0000,0x97944830,0x97980000)
 PSPermGen       total 16384K, used 12798K [0x902c0000, 0x912c0000, 0x942c0000)
  object space 16384K, 78% used [0x902c0000,0x90f3fae0,0x912c0000)
}
Event: 17.875 GC heap before
{Heap before GC invocations=15 (full 1):
 PSYoungGen      total 117504K, used 4857K [0xa8ec0000, 0xb34c0000, 0xb34c0000)
  eden space 112640K, 0% used [0xa8ec0000,0xa8ec0000,0xafcc0000)
  from space 4864K, 99% used [0xb1200000,0xb16be638,0xb16c0000)
  to   space 21760K, 0% used [0xafcc0000,0xafcc0000,0xb1200000)
 ParOldGen       total 56064K, used 55826K [0x942c0000, 0x97980000, 0xa8ec0000)
  object space 56064K, 99% used [0x942c0000,0x97944830,0x97980000)
 PSPermGen       total 16384K, used 12798K [0x902c0000, 0x912c0000, 0x942c0000)
  object space 16384K, 78% used [0x902c0000,0x90f3fae0,0x912c0000)
Event: 18.525 GC heap after
Heap after GC invocations=15 (full 1):
 PSYoungGen      total 117504K, used 0K [0xa8ec0000, 0xb34c0000, 0xb34c0000)
  eden space 112640K, 0% used [0xa8ec0000,0xa8ec0000,0xafcc0000)
  from space 4864K, 0% used [0xb1200000,0xb1200000,0xb16c0000)
  to   space 21760K, 0% used [0xafcc0000,0xafcc0000,0xb1200000)
 ParOldGen       total 87296K, used 56003K [0x942c0000, 0x99800000, 0xa8ec0000)
  object space 87296K, 64% used [0x942c0000,0x97970f08,0x99800000)
 PSPermGen       total 25600K, used 12790K [0x902c0000, 0x91bc0000, 0x942c0000)
  object space 25600K, 49% used [0x902c0000,0x90f3da88,0x91bc0000)
}
Event: 22.804 GC heap before
{Heap before GC invocations=16 (full 1):
 PSYoungGen      total 117504K, used 112640K [0xa8ec0000, 0xb34c0000, 0xb34c0000)
  eden space 112640K, 100% used [0xa8ec0000,0xafcc0000,0xafcc0000)
  from space 4864K, 0% used [0xb1200000,0xb1200000,0xb16c0000)
  to   space 21760K, 0% used [0xafcc0000,0xafcc0000,0xb1200000)
 ParOldGen       total 87296K, used 56003K [0x942c0000, 0x99800000, 0xa8ec0000)
  object space 87296K, 64% used [0x942c0000,0x97970f08,0x99800000)
 PSPermGen       total 25600K, used 12800K [0x902c0000, 0x91bc0000, 0x942c0000)
  object space 25600K, 50% used [0x902c0000,0x90f403a0,0x91bc0000)
Event: 23.195 GC heap after
Heap after GC invocations=16 (full 1):
 PSYoungGen      total 134400K, used 21752K [0xa8ec0000, 0xb34c0000, 0xb34c0000)
  eden space 112640K, 0% used [0xa8ec0000,0xa8ec0000,0xafcc0000)
  from space 21760K, 99% used [0xafcc0000,0xb11fe020,0xb1200000)
  to   space 35584K, 0% used [0xb1200000,0xb1200000,0xb34c0000)
 ParOldGen       total 102400K, used 102275K [0x942c0000, 0x9a6c0000, 0xa8ec0000)
  object space 102400K, 99% used [0x942c0000,0x9a6a0fe0,0x9a6c0000)
 PSPermGen       total 25600K, used 12800K [0x902c0000, 0x91bc0000, 0x942c0000)
  object space 25600K, 50% used [0x902c0000,0x90f403a0,0x91bc0000)
}
Event: 23.195 GC heap before
{Heap before GC invocations=17 (full 2):
 PSYoungGen      total 134400K, used 21752K [0xa8ec0000, 0xb34c0000, 0xb34c0000)
  eden space 112640K, 0% used [0xa8ec0000,0xa8ec0000,0xafcc0000)
  from space 21760K, 99% used [0xafcc0000,0xb11fe020,0xb1200000)
  to   space 35584K, 0% used [0xb1200000,0xb1200000,0xb34c0000)
 ParOldGen       total 102400K, used 102275K [0x942c0000, 0x9a6c0000, 0xa8ec0000)
  object space 102400K, 99% used [0x942c0000,0x9a6a0fe0,0x9a6c0000)
 PSPermGen       total 25600K, used 12800K [0x902c0000, 0x91bc0000, 0x942c0000)
  object space 25600K, 50% used [0x902c0000,0x90f403a0,0x91bc0000)
Event: 24.124 GC heap after
Heap after GC invocations=17 (full 2):
 PSYoungGen      total 134400K, used 20211K [0xa8ec0000, 0xb34c0000, 0xb34c0000)
  eden space 112640K, 0% used [0xa8ec0000,0xa8ec0000,0xafcc0000)
  from space 21760K, 92% used [0xafcc0000,0xb107cca0,0xb1200000)
  to   space 35584K, 0% used [0xb1200000,0xb1200000,0xb34c0000)
 ParOldGen       total 156672K, used 102395K [0x942c0000, 0x9dbc0000, 0xa8ec0000)
  object space 156672K, 65% used [0x942c0000,0x9a6bed00,0x9dbc0000)
 PSPermGen       total 28928K, used 12800K [0x902c0000, 0x91f00000, 0x942c0000)
  object space 28928K, 44% used [0x902c0000,0x90f40330,0x91f00000)
}
Event: 30.224 GC heap before
{Heap before GC invocations=18 (full 2):
 PSYoungGen      total 134400K, used 132851K [0xa8ec0000, 0xb34c0000, 0xb34c0000)
  eden space 112640K, 100% used [0xa8ec0000,0xafcc0000,0xafcc0000)
  from space 21760K, 92% used [0xafcc0000,0xb107cca0,0xb1200000)
  to   space 35584K, 0% used [0xb1200000,0xb1200000,0xb34c0000)
 ParOldGen       total 156672K, used 102395K [0x942c0000, 0x9dbc0000, 0xa8ec0000)
  object space 156672K, 65% used [0x942c0000,0x9a6bed00,0x9dbc0000)
 PSPermGen       total 28928K, used 12913K [0x902c0000, 0x91f00000, 0x942c0000)
  object space 28928K, 44% used [0x902c0000,0x90f5c450,0x91f00000)
Event: 30.748 GC heap after
Heap after GC invocations=18 (full 2):
 PSYoungGen      total 92416K, used 35570K [0xa8ec0000, 0xb34c0000, 0xb34c0000)
  eden space 56832K, 0% used [0xa8ec0000,0xa8ec0000,0xac640000)
  from space 35584K, 99% used [0xb1200000,0xb34bca58,0xb34c0000)
  to   space 56576K, 0% used [0xac640000,0xac640000,0xafd80000)
 ParOldGen       total 156672K, used 138260K [0x942c0000, 0x9dbc0000, 0xa8ec0000)
  object space 156672K, 88% used [0x942c0000,0x9c9c51d8,0x9dbc0000)
 PSPermGen       total 28928K, used 12913K [0x902c0000, 0x91f00000, 0x942c0000)
  object space 28928K, 44% used [0x902c0000,0x90f5c450,0x91f00000)
}
Event: 30.748 GC heap before
{Heap before GC invocations=19 (full 3):
 PSYoungGen      total 92416K, used 35570K [0xa8ec0000, 0xb34c0000, 0xb34c0000)
  eden space 56832K, 0% used [0xa8ec0000,0xa8ec0000,0xac640000)
  from space 35584K, 99% used [0xb1200000,0xb34bca58,0xb34c0000)
  to   space 56576K, 0% used [0xac640000,0xac640000,0xafd80000)
 ParOldGen       total 156672K, used 138260K [0x942c0000, 0x9dbc0000, 0xa8ec0000)
  object space 156672K, 88% used [0x942c0000,0x9c9c51d8,0x9dbc0000)
 PSPermGen       total 28928K, used 12913K [0x902c0000, 0x91f00000, 0x942c0000)
  object space 28928K, 44% used [0x902c0000,0x90f5c450,0x91f00000)

