# JRE version: Java(TM) SE Runtime Environment (7.0_80-b15) (build 1.7.0_80-b15)
# Java VM: Java HotSpot(TM) Server VM (24.80-b11 mixed mode linux-x86 )
Heap
 PSYoungGen      total 90624K, used 16772K [0xa8f00000, 0xb3500000, 0xb3500000)
  eden space 56832K, 0% used [0xa8f00000,0xa8f00000,0xac680000)
  from space 33792K, 49% used [0xb1400000,0xb24610e0,0xb3500000)
  to   space 56576K, 0% used [0xac680000,0xac680000,0xafdc0000)
 ParOldGen       total 159232K, used 159172K [0x94300000, 0x9de80000, 0xa8f00000)
  object space 159232K, 99% used [0x94300000,0x9de71320,0x9de80000)
 PSPermGen       total 28928K, used 12945K [0x90300000, 0x91f40000, 0x94300000)
  object space 28928K, 44% used [0x90300000,0x90fa4580,0x91f40000)
GC Heap History (10 events):
Event: 19.453 GC heap after
Heap after GC invocations=14 (full 0):
 PSYoungGen      total 118016K, used 6653K [0xa8f00000, 0xb3500000, 0xb3500000)
  eden space 111360K, 0% used [0xa8f00000,0xa8f00000,0xafbc0000)
  from space 6656K, 99% used [0xb1400000,0xb1a7f558,0xb1a80000)
  to   space 24832K, 0% used [0xafbc0000,0xafbc0000,0xb1400000)
 ParOldGen       total 60672K, used 60484K [0x94300000, 0x97e40000, 0xa8f00000)
  object space 60672K, 99% used [0x94300000,0x97e11378,0x97e40000)
 PSPermGen       total 16384K, used 12794K [0x90300000, 0x91300000, 0x94300000)
  object space 16384K, 78% used [0x90300000,0x90f7e920,0x91300000)
}
Event: 19.453 GC heap before
{Heap before GC invocations=15 (full 1):
 PSYoungGen      total 118016K, used 6653K [0xa8f00000, 0xb3500000, 0xb3500000)
  eden space 111360K, 0% used [0xa8f00000,0xa8f00000,0xafbc0000)
  from space 6656K, 99% used [0xb1400000,0xb1a7f558,0xb1a80000)
  to   space 24832K, 0% used [0xafbc0000,0xafbc0000,0xb1400000)
 ParOldGen       total 60672K, used 60484K [0x94300000, 0x97e40000, 0xa8f00000)
  object space 60672K, 99% used [0x94300000,0x97e11378,0x97e40000)
 PSPermGen       total 16384K, used 12794K [0x90300000, 0x91300000, 0x94300000)
  object space 16384K, 78% used [0x90300000,0x90f7e920,0x91300000)
Event: 20.159 GC heap after
Heap after GC invocations=15 (full 1):
 PSYoungGen      total 118016K, used 755K [0xa8f00000, 0xb3500000, 0xb3500000)
  eden space 111360K, 0% used [0xa8f00000,0xa8f00000,0xafbc0000)
  from space 6656K, 11% used [0xb1400000,0xb14bce58,0xb1a80000)
  to   space 24832K, 0% used [0xafbc0000,0xafbc0000,0xb1400000)
 ParOldGen       total 93440K, used 60660K [0x94300000, 0x99e40000, 0xa8f00000)
  object space 93440K, 64% used [0x94300000,0x97e3d210,0x99e40000)
 PSPermGen       total 25600K, used 12786K [0x90300000, 0x91c00000, 0x94300000)
  object space 25600K, 49% used [0x90300000,0x90f7c8e8,0x91c00000)
}
Event: 25.245 GC heap before
{Heap before GC invocations=16 (full 1):
 PSYoungGen      total 118016K, used 112115K [0xa8f00000, 0xb3500000, 0xb3500000)
  eden space 111360K, 100% used [0xa8f00000,0xafbc0000,0xafbc0000)
  from space 6656K, 11% used [0xb1400000,0xb14bce58,0xb1a80000)
  to   space 24832K, 0% used [0xafbc0000,0xafbc0000,0xb1400000)
 ParOldGen       total 93440K, used 60660K [0x94300000, 0x99e40000, 0xa8f00000)
  object space 93440K, 64% used [0x94300000,0x97e3d210,0x99e40000)
 PSPermGen       total 25600K, used 12795K [0x90300000, 0x91c00000, 0x94300000)
  object space 25600K, 49% used [0x90300000,0x90f7ec88,0x91c00000)
Event: 25.609 GC heap after
Heap after GC invocations=16 (full 1):
 PSYoungGen      total 136192K, used 24817K [0xa8f00000, 0xb3500000, 0xb3500000)
  eden space 111360K, 0% used [0xa8f00000,0xa8f00000,0xafbc0000)
  from space 24832K, 99% used [0xafbc0000,0xb13fc4c0,0xb1400000)
  to   space 33792K, 0% used [0xb1400000,0xb1400000,0xb3500000)
 ParOldGen       total 103936K, used 103811K [0x94300000, 0x9a880000, 0xa8f00000)
  object space 103936K, 99% used [0x94300000,0x9a860cb0,0x9a880000)
 PSPermGen       total 25600K, used 12795K [0x90300000, 0x91c00000, 0x94300000)
  object space 25600K, 49% used [0x90300000,0x90f7ec88,0x91c00000)
}
Event: 25.610 GC heap before
{Heap before GC invocations=17 (full 2):
 PSYoungGen      total 136192K, used 24817K [0xa8f00000, 0xb3500000, 0xb3500000)
  eden space 111360K, 0% used [0xa8f00000,0xa8f00000,0xafbc0000)
  from space 24832K, 99% used [0xafbc0000,0xb13fc4c0,0xb1400000)
  to   space 33792K, 0% used [0xb1400000,0xb1400000,0xb3500000)
 ParOldGen       total 103936K, used 103811K [0x94300000, 0x9a880000, 0xa8f00000)
  object space 103936K, 99% used [0x94300000,0x9a860cb0,0x9a880000)
 PSPermGen       total 25600K, used 12795K [0x90300000, 0x91c00000, 0x94300000)
  object space 25600K, 49% used [0x90300000,0x90f7ec88,0x91c00000)
Event: 26.600 GC heap after
Heap after GC invocations=17 (full 2):
 PSYoungGen      total 136192K, used 23969K [0xa8f00000, 0xb3500000, 0xb3500000)
  eden space 111360K, 0% used [0xa8f00000,0xa8f00000,0xafbc0000)
  from space 24832K, 96% used [0xafbc0000,0xb1328730,0xb1400000)
  to   space 33792K, 0% used [0xb1400000,0xb1400000,0xb3500000)
 ParOldGen       total 159232K, used 103894K [0x94300000, 0x9de80000, 0xa8f00000)
  object space 159232K, 65% used [0x94300000,0x9a875830,0x9de80000)
 PSPermGen       total 28928K, used 12795K [0x90300000, 0x91f40000, 0x94300000)
  object space 28928K, 44% used [0x90300000,0x90f7ec68,0x91f40000)
}
Event: 33.733 GC heap before
{Heap before GC invocations=18 (full 2):
 PSYoungGen      total 136192K, used 135329K [0xa8f00000, 0xb3500000, 0xb3500000)
  eden space 111360K, 100% used [0xa8f00000,0xafbc0000,0xafbc0000)
  from space 24832K, 96% used [0xafbc0000,0xb1328730,0xb1400000)
  to   space 33792K, 0% used [0xb1400000,0xb1400000,0xb3500000)
 ParOldGen       total 159232K, used 103894K [0x94300000, 0x9de80000, 0xa8f00000)
  object space 159232K, 65% used [0x94300000,0x9a875830,0x9de80000)
 PSPermGen       total 28928K, used 12945K [0x90300000, 0x91f40000, 0x94300000)
  object space 28928K, 44% used [0x90300000,0x90fa4650,0x91f40000)
Event: 34.221 GC heap after
Heap after GC invocations=18 (full 2):
 PSYoungGen      total 90624K, used 33781K [0xa8f00000, 0xb3500000, 0xb3500000)
  eden space 56832K, 0% used [0xa8f00000,0xa8f00000,0xac680000)
  from space 33792K, 99% used [0xb1400000,0xb34fd650,0xb3500000)
  to   space 56576K, 0% used [0xac680000,0xac680000,0xafdc0000)
 ParOldGen       total 159232K, used 143366K [0x94300000, 0x9de80000, 0xa8f00000)
  object space 159232K, 90% used [0x94300000,0x9cf01840,0x9de80000)
 PSPermGen       total 28928K, used 12945K [0x90300000, 0x91f40000, 0x94300000)
  object space 28928K, 44% used [0x90300000,0x90fa4650,0x91f40000)
}
Event: 34.221 GC heap before
{Heap before GC invocations=19 (full 3):
 PSYoungGen      total 90624K, used 33781K [0xa8f00000, 0xb3500000, 0xb3500000)
  eden space 56832K, 0% used [0xa8f00000,0xa8f00000,0xac680000)
  from space 33792K, 99% used [0xb1400000,0xb34fd650,0xb3500000)
  to   space 56576K, 0% used [0xac680000,0xac680000,0xafdc0000)
 ParOldGen       total 159232K, used 143366K [0x94300000, 0x9de80000, 0xa8f00000)
  object space 159232K, 90% used [0x94300000,0x9cf01840,0x9de80000)
 PSPermGen       total 28928K, used 12945K [0x90300000, 0x91f40000, 0x94300000)
  object space 28928K, 44% used [0x90300000,0x90fa4650,0x91f40000)

