# JRE version: Java(TM) SE Runtime Environment (7.0_80-b15) (build 1.7.0_80-b15)
# Java VM: Java HotSpot(TM) Server VM (24.80-b11 mixed mode linux-x86 )
Heap
 PSYoungGen      total 90624K, used 16558K [0xa8f00000, 0xb3500000, 0xb3500000)
  eden space 56832K, 0% used [0xa8f00000,0xa8f00000,0xac680000)
  from space 33792K, 49% used [0xb1400000,0xb242b978,0xb3500000)
  to   space 56576K, 0% used [0xac680000,0xac680000,0xafdc0000)
 ParOldGen       total 159488K, used 159449K [0x94300000, 0x9dec0000, 0xa8f00000)
  object space 159488K, 99% used [0x94300000,0x9deb66a8,0x9dec0000)
 PSPermGen       total 28928K, used 12945K [0x90300000, 0x91f40000, 0x94300000)
  object space 28928K, 44% used [0x90300000,0x90fa4520,0x91f40000)
GC Heap History (10 events):
Event: 19.318 GC heap after
Heap after GC invocations=14 (full 0):
 PSYoungGen      total 118016K, used 6647K [0xa8f00000, 0xb3500000, 0xb3500000)
  eden space 111360K, 0% used [0xa8f00000,0xa8f00000,0xafbc0000)
  from space 6656K, 99% used [0xb1400000,0xb1a7df80,0xb1a80000)
  to   space 24832K, 0% used [0xafbc0000,0xafbc0000,0xb1400000)
 ParOldGen       total 60928K, used 60635K [0x94300000, 0x97e80000, 0xa8f00000)
  object space 60928K, 99% used [0x94300000,0x97e36ca0,0x97e80000)
 PSPermGen       total 16384K, used 12793K [0x90300000, 0x91300000, 0x94300000)
  object space 16384K, 78% used [0x90300000,0x90f7e770,0x91300000)
}
Event: 19.318 GC heap before
{Heap before GC invocations=15 (full 1):
 PSYoungGen      total 118016K, used 6647K [0xa8f00000, 0xb3500000, 0xb3500000)
  eden space 111360K, 0% used [0xa8f00000,0xa8f00000,0xafbc0000)
  from space 6656K, 99% used [0xb1400000,0xb1a7df80,0xb1a80000)
  to   space 24832K, 0% used [0xafbc0000,0xafbc0000,0xb1400000)
 ParOldGen       total 60928K, used 60635K [0x94300000, 0x97e80000, 0xa8f00000)
  object space 60928K, 99% used [0x94300000,0x97e36ca0,0x97e80000)
 PSPermGen       total 16384K, used 12793K [0x90300000, 0x91300000, 0x94300000)
  object space 16384K, 78% used [0x90300000,0x90f7e770,0x91300000)
Event: 20.007 GC heap after
Heap after GC invocations=15 (full 1):
 PSYoungGen      total 118016K, used 752K [0xa8f00000, 0xb3500000, 0xb3500000)
  eden space 111360K, 0% used [0xa8f00000,0xa8f00000,0xafbc0000)
  from space 6656K, 11% used [0xb1400000,0xb14bc3d0,0xb1a80000)
  to   space 24832K, 0% used [0xafbc0000,0xafbc0000,0xb1400000)
 ParOldGen       total 93440K, used 60832K [0x94300000, 0x99e40000, 0xa8f00000)
  object space 93440K, 65% used [0x94300000,0x97e683e0,0x99e40000)
 PSPermGen       total 25600K, used 12785K [0x90300000, 0x91c00000, 0x94300000)
  object space 25600K, 49% used [0x90300000,0x90f7c728,0x91c00000)
}
Event: 25.227 GC heap before
{Heap before GC invocations=16 (full 1):
 PSYoungGen      total 118016K, used 112112K [0xa8f00000, 0xb3500000, 0xb3500000)
  eden space 111360K, 100% used [0xa8f00000,0xafbc0000,0xafbc0000)
  from space 6656K, 11% used [0xb1400000,0xb14bc3d0,0xb1a80000)
  to   space 24832K, 0% used [0xafbc0000,0xafbc0000,0xb1400000)
 ParOldGen       total 93440K, used 60832K [0x94300000, 0x99e40000, 0xa8f00000)
  object space 93440K, 65% used [0x94300000,0x97e683e0,0x99e40000)
 PSPermGen       total 25600K, used 12794K [0x90300000, 0x91c00000, 0x94300000)
  object space 25600K, 49% used [0x90300000,0x90f7eb20,0x91c00000)
Event: 25.547 GC heap after
Heap after GC invocations=16 (full 1):
 PSYoungGen      total 136192K, used 24828K [0xa8f00000, 0xb3500000, 0xb3500000)
  eden space 111360K, 0% used [0xa8f00000,0xa8f00000,0xafbc0000)
  from space 24832K, 99% used [0xafbc0000,0xb13ff3f8,0xb1400000)
  to   space 33792K, 0% used [0xb1400000,0xb1400000,0xb3500000)
 ParOldGen       total 104448K, used 104215K [0x94300000, 0x9a900000, 0xa8f00000)
  object space 104448K, 99% used [0x94300000,0x9a8c5c68,0x9a900000)
 PSPermGen       total 25600K, used 12794K [0x90300000, 0x91c00000, 0x94300000)
  object space 25600K, 49% used [0x90300000,0x90f7eb20,0x91c00000)
}
Event: 25.547 GC heap before
{Heap before GC invocations=17 (full 2):
 PSYoungGen      total 136192K, used 24828K [0xa8f00000, 0xb3500000, 0xb3500000)
  eden space 111360K, 0% used [0xa8f00000,0xa8f00000,0xafbc0000)
  from space 24832K, 99% used [0xafbc0000,0xb13ff3f8,0xb1400000)
  to   space 33792K, 0% used [0xb1400000,0xb1400000,0xb3500000)
 ParOldGen       total 104448K, used 104215K [0x94300000, 0x9a900000, 0xa8f00000)
  object space 104448K, 99% used [0x94300000,0x9a8c5c68,0x9a900000)
 PSPermGen       total 25600K, used 12794K [0x90300000, 0x91c00000, 0x94300000)
  object space 25600K, 49% used [0x90300000,0x90f7eb20,0x91c00000)
Event: 26.539 GC heap after
Heap after GC invocations=17 (full 2):
 PSYoungGen      total 136192K, used 23913K [0xa8f00000, 0xb3500000, 0xb3500000)
  eden space 111360K, 0% used [0xa8f00000,0xa8f00000,0xafbc0000)
  from space 24832K, 96% used [0xafbc0000,0xb131a570,0xb1400000)
  to   space 33792K, 0% used [0xb1400000,0xb1400000,0xb3500000)
 ParOldGen       total 159488K, used 104290K [0x94300000, 0x9dec0000, 0xa8f00000)
  object space 159488K, 65% used [0x94300000,0x9a8d8a00,0x9dec0000)
 PSPermGen       total 28928K, used 12794K [0x90300000, 0x91f40000, 0x94300000)
  object space 28928K, 44% used [0x90300000,0x90f7eb00,0x91f40000)
}
Event: 31.527 GC heap before
{Heap before GC invocations=18 (full 2):
 PSYoungGen      total 136192K, used 135273K [0xa8f00000, 0xb3500000, 0xb3500000)
  eden space 111360K, 100% used [0xa8f00000,0xafbc0000,0xafbc0000)
  from space 24832K, 96% used [0xafbc0000,0xb131a570,0xb1400000)
  to   space 33792K, 0% used [0xb1400000,0xb1400000,0xb3500000)
 ParOldGen       total 159488K, used 104290K [0x94300000, 0x9dec0000, 0xa8f00000)
  object space 159488K, 65% used [0x94300000,0x9a8d8a00,0x9dec0000)
 PSPermGen       total 28928K, used 12945K [0x90300000, 0x91f40000, 0x94300000)
  object space 28928K, 44% used [0x90300000,0x90fa45f0,0x91f40000)
Event: 31.960 GC heap after
Heap after GC invocations=18 (full 2):
 PSYoungGen      total 90624K, used 33788K [0xa8f00000, 0xb3500000, 0xb3500000)
  eden space 56832K, 0% used [0xa8f00000,0xa8f00000,0xac680000)
  from space 33792K, 99% used [0xb1400000,0xb34ff180,0xb3500000)
  to   space 56576K, 0% used [0xac680000,0xac680000,0xafdc0000)
 ParOldGen       total 159488K, used 143399K [0x94300000, 0x9dec0000, 0xa8f00000)
  object space 159488K, 89% used [0x94300000,0x9cf09e30,0x9dec0000)
 PSPermGen       total 28928K, used 12945K [0x90300000, 0x91f40000, 0x94300000)
  object space 28928K, 44% used [0x90300000,0x90fa45f0,0x91f40000)
}
Event: 31.960 GC heap before
{Heap before GC invocations=19 (full 3):
 PSYoungGen      total 90624K, used 33788K [0xa8f00000, 0xb3500000, 0xb3500000)
  eden space 56832K, 0% used [0xa8f00000,0xa8f00000,0xac680000)
  from space 33792K, 99% used [0xb1400000,0xb34ff180,0xb3500000)
  to   space 56576K, 0% used [0xac680000,0xac680000,0xafdc0000)
 ParOldGen       total 159488K, used 143399K [0x94300000, 0x9dec0000, 0xa8f00000)
  object space 159488K, 89% used [0x94300000,0x9cf09e30,0x9dec0000)
 PSPermGen       total 28928K, used 12945K [0x90300000, 0x91f40000, 0x94300000)
  object space 28928K, 44% used [0x90300000,0x90fa45f0,0x91f40000)

