# JRE version: Java(TM) SE Runtime Environment (7.0_80-b15) (build 1.7.0_80-b15)
# Java VM: Java HotSpot(TM) Server VM (24.80-b11 mixed mode linux-x86 )
Heap
 PSYoungGen      total 92416K, used 15807K [0xa8f80000, 0xb3580000, 0xb3580000)
  eden space 56832K, 0% used [0xa8f80000,0xa8f80000,0xac700000)
  from space 35584K, 44% used [0xb12c0000,0xb222ff80,0xb3580000)
  to   space 56576K, 0% used [0xac700000,0xac700000,0xafe40000)
 ParOldGen       total 157952K, used 157775K [0x94380000, 0x9ddc0000, 0xa8f80000)
  object space 157952K, 99% used [0x94380000,0x9dd93c40,0x9ddc0000)
 PSPermGen       total 28928K, used 12907K [0x90380000, 0x91fc0000, 0x94380000)
  object space 28928K, 44% used [0x90380000,0x9101ad58,0x91fc0000)
GC Heap History (10 events):
Event: 21.978 GC heap after
Heap after GC invocations=14 (full 0):
 PSYoungGen      total 117760K, used 4860K [0xa8f80000, 0xb3580000, 0xb3580000)
  eden space 112896K, 0% used [0xa8f80000,0xa8f80000,0xafdc0000)
  from space 4864K, 99% used [0xb12c0000,0xb177f360,0xb1780000)
  to   space 21504K, 0% used [0xafdc0000,0xafdc0000,0xb12c0000)
 ParOldGen       total 55040K, used 55036K [0x94380000, 0x97940000, 0xa8f80000)
  object space 55040K, 99% used [0x94380000,0x9793f000,0x97940000)
 PSPermGen       total 16384K, used 12797K [0x90380000, 0x91380000, 0x94380000)
  object space 16384K, 78% used [0x90380000,0x90fff7e8,0x91380000)
}
Event: 21.978 GC heap before
{Heap before GC invocations=15 (full 1):
 PSYoungGen      total 117760K, used 4860K [0xa8f80000, 0xb3580000, 0xb3580000)
  eden space 112896K, 0% used [0xa8f80000,0xa8f80000,0xafdc0000)
  from space 4864K, 99% used [0xb12c0000,0xb177f360,0xb1780000)
  to   space 21504K, 0% used [0xafdc0000,0xafdc0000,0xb12c0000)
 ParOldGen       total 55040K, used 55036K [0x94380000, 0x97940000, 0xa8f80000)
  object space 55040K, 99% used [0x94380000,0x9793f000,0x97940000)
 PSPermGen       total 16384K, used 12797K [0x90380000, 0x91380000, 0x94380000)
  object space 16384K, 78% used [0x90380000,0x90fff7e8,0x91380000)
Event: 22.578 GC heap after
Heap after GC invocations=15 (full 1):
 PSYoungGen      total 117760K, used 221K [0xa8f80000, 0xb3580000, 0xb3580000)
  eden space 112896K, 0% used [0xa8f80000,0xa8f80000,0xafdc0000)
  from space 4864K, 4% used [0xb12c0000,0xb12f76c0,0xb1780000)
  to   space 21504K, 0% used [0xafdc0000,0xafdc0000,0xb12c0000)
 ParOldGen       total 86272K, used 54933K [0x94380000, 0x997c0000, 0xa8f80000)
  object space 86272K, 63% used [0x94380000,0x97925408,0x997c0000)
 PSPermGen       total 25600K, used 12789K [0x90380000, 0x91c80000, 0x94380000)
  object space 25600K, 49% used [0x90380000,0x90ffd7e0,0x91c80000)
}
Event: 29.075 GC heap before
{Heap before GC invocations=16 (full 1):
 PSYoungGen      total 117760K, used 113117K [0xa8f80000, 0xb3580000, 0xb3580000)
  eden space 112896K, 100% used [0xa8f80000,0xafdc0000,0xafdc0000)
  from space 4864K, 4% used [0xb12c0000,0xb12f76c0,0xb1780000)
  to   space 21504K, 0% used [0xafdc0000,0xafdc0000,0xb12c0000)
 ParOldGen       total 86272K, used 54933K [0x94380000, 0x997c0000, 0xa8f80000)
  object space 86272K, 63% used [0x94380000,0x97925408,0x997c0000)
 PSPermGen       total 25600K, used 12796K [0x90380000, 0x91c80000, 0x94380000)
  object space 25600K, 49% used [0x90380000,0x90fff390,0x91c80000)
Event: 29.443 GC heap after
Heap after GC invocations=16 (full 1):
 PSYoungGen      total 134400K, used 21495K [0xa8f80000, 0xb3580000, 0xb3580000)
  eden space 112896K, 0% used [0xa8f80000,0xa8f80000,0xafdc0000)
  from space 21504K, 99% used [0xafdc0000,0xb12bdd40,0xb12c0000)
  to   space 35584K, 0% used [0xb12c0000,0xb12c0000,0xb3580000)
 ParOldGen       total 102400K, used 102057K [0x94380000, 0x9a780000, 0xa8f80000)
  object space 102400K, 99% used [0x94380000,0x9a72a4a8,0x9a780000)
 PSPermGen       total 25600K, used 12796K [0x90380000, 0x91c80000, 0x94380000)
  object space 25600K, 49% used [0x90380000,0x90fff390,0x91c80000)
}
Event: 29.443 GC heap before
{Heap before GC invocations=17 (full 2):
 PSYoungGen      total 134400K, used 21495K [0xa8f80000, 0xb3580000, 0xb3580000)
  eden space 112896K, 0% used [0xa8f80000,0xa8f80000,0xafdc0000)
  from space 21504K, 99% used [0xafdc0000,0xb12bdd40,0xb12c0000)
  to   space 35584K, 0% used [0xb12c0000,0xb12c0000,0xb3580000)
 ParOldGen       total 102400K, used 102057K [0x94380000, 0x9a780000, 0xa8f80000)
  object space 102400K, 99% used [0x94380000,0x9a72a4a8,0x9a780000)
 PSPermGen       total 25600K, used 12796K [0x90380000, 0x91c80000, 0x94380000)
  object space 25600K, 49% used [0x90380000,0x90fff390,0x91c80000)
Event: 30.378 GC heap after
Heap after GC invocations=17 (full 2):
 PSYoungGen      total 134400K, used 19709K [0xa8f80000, 0xb3580000, 0xb3580000)
  eden space 112896K, 0% used [0xa8f80000,0xa8f80000,0xafdc0000)
  from space 21504K, 91% used [0xafdc0000,0xb10ff650,0xb12c0000)
  to   space 35584K, 0% used [0xb12c0000,0xb12c0000,0xb3580000)
 ParOldGen       total 157952K, used 102257K [0x94380000, 0x9ddc0000, 0xa8f80000)
  object space 157952K, 64% used [0x94380000,0x9a75c520,0x9ddc0000)
 PSPermGen       total 28928K, used 12796K [0x90380000, 0x91fc0000, 0x94380000)
  object space 28928K, 44% used [0x90380000,0x90fff340,0x91fc0000)
}
Event: 36.644 GC heap before
{Heap before GC invocations=18 (full 2):
 PSYoungGen      total 134400K, used 132605K [0xa8f80000, 0xb3580000, 0xb3580000)
  eden space 112896K, 100% used [0xa8f80000,0xafdc0000,0xafdc0000)
  from space 21504K, 91% used [0xafdc0000,0xb10ff650,0xb12c0000)
  to   space 35584K, 0% used [0xb12c0000,0xb12c0000,0xb3580000)
 ParOldGen       total 157952K, used 102257K [0x94380000, 0x9ddc0000, 0xa8f80000)
  object space 157952K, 64% used [0x94380000,0x9a75c520,0x9ddc0000)
 PSPermGen       total 28928K, used 12907K [0x90380000, 0x91fc0000, 0x94380000)
  object space 28928K, 44% used [0x90380000,0x9101ada8,0x91fc0000)
Event: 37.126 GC heap after
Heap after GC invocations=18 (full 2):
 PSYoungGen      total 92416K, used 35569K [0xa8f80000, 0xb3580000, 0xb3580000)
  eden space 56832K, 0% used [0xa8f80000,0xa8f80000,0xac700000)
  from space 35584K, 99% used [0xb12c0000,0xb357c5c8,0xb3580000)
  to   space 56576K, 0% used [0xac700000,0xac700000,0xafe40000)
 ParOldGen       total 157952K, used 138568K [0x94380000, 0x9ddc0000, 0xa8f80000)
  object space 157952K, 87% used [0x94380000,0x9cad2198,0x9ddc0000)
 PSPermGen       total 28928K, used 12907K [0x90380000, 0x91fc0000, 0x94380000)
  object space 28928K, 44% used [0x90380000,0x9101ada8,0x91fc0000)
}
Event: 37.126 GC heap before
{Heap before GC invocations=19 (full 3):
 PSYoungGen      total 92416K, used 35569K [0xa8f80000, 0xb3580000, 0xb3580000)
  eden space 56832K, 0% used [0xa8f80000,0xa8f80000,0xac700000)
  from space 35584K, 99% used [0xb12c0000,0xb357c5c8,0xb3580000)
  to   space 56576K, 0% used [0xac700000,0xac700000,0xafe40000)
 ParOldGen       total 157952K, used 138568K [0x94380000, 0x9ddc0000, 0xa8f80000)
  object space 157952K, 87% used [0x94380000,0x9cad2198,0x9ddc0000)
 PSPermGen       total 28928K, used 12907K [0x90380000, 0x91fc0000, 0x94380000)
  object space 28928K, 44% used [0x90380000,0x9101ada8,0x91fc0000)

