# JRE version: Java(TM) SE Runtime Environment (7.0_80-b15) (build 1.7.0_80-b15)
# Java VM: Java HotSpot(TM) Server VM (24.80-b11 mixed mode linux-x86 )
Heap
 PSYoungGen      total 88576K, used 12157K [0xa8f40000, 0xb3540000, 0xb3540000)
  eden space 56832K, 0% used [0xa8f40000,0xa8f40000,0xac6c0000)
  from space 31744K, 38% used [0xb1640000,0xb221f4c0,0xb3540000)
  to   space 56576K, 0% used [0xac6c0000,0xac6c0000,0xafe00000)
 ParOldGen       total 175616K, used 175542K [0x94340000, 0x9eec0000, 0xa8f40000)
  object space 175616K, 99% used [0x94340000,0x9eead880,0x9eec0000)
 PSPermGen       total 27904K, used 13011K [0x90340000, 0x91e80000, 0x94340000)
  object space 27904K, 46% used [0x90340000,0x90ff4f08,0x91e80000)
GC Heap History (10 events):
Event: 38.271 GC heap after
Heap after GC invocations=13 (full 1):
 PSYoungGen      total 117760K, used 11262K [0xa8f40000, 0xb3540000, 0xb3540000)
  eden space 106496K, 0% used [0xa8f40000,0xa8f40000,0xaf740000)
  from space 11264K, 99% used [0xb2a40000,0xb353f9e8,0xb3540000)
  to   space 31744K, 0% used [0xaf740000,0xaf740000,0xb1640000)
 ParOldGen       total 72192K, used 72015K [0x94340000, 0x989c0000, 0xa8f40000)
  object space 72192K, 99% used [0x94340000,0x98993d18,0x989c0000)
 PSPermGen       total 25600K, used 12793K [0x90340000, 0x91c40000, 0x94340000)
  object space 25600K, 49% used [0x90340000,0x90fbe670,0x91c40000)
}
Event: 38.271 GC heap before
{Heap before GC invocations=14 (full 2):
 PSYoungGen      total 117760K, used 11262K [0xa8f40000, 0xb3540000, 0xb3540000)
  eden space 106496K, 0% used [0xa8f40000,0xa8f40000,0xaf740000)
  from space 11264K, 99% used [0xb2a40000,0xb353f9e8,0xb3540000)
  to   space 31744K, 0% used [0xaf740000,0xaf740000,0xb1640000)
 ParOldGen       total 72192K, used 72015K [0x94340000, 0x989c0000, 0xa8f40000)
  object space 72192K, 99% used [0x94340000,0x98993d18,0x989c0000)
 PSPermGen       total 25600K, used 12793K [0x90340000, 0x91c40000, 0x94340000)
  object space 25600K, 49% used [0x90340000,0x90fbe670,0x91c40000)
Event: 38.960 GC heap after
Heap after GC invocations=14 (full 2):
 PSYoungGen      total 117760K, used 9571K [0xa8f40000, 0xb3540000, 0xb3540000)
  eden space 106496K, 0% used [0xa8f40000,0xa8f40000,0xaf740000)
  from space 11264K, 84% used [0xb2a40000,0xb3398f50,0xb3540000)
  to   space 31744K, 0% used [0xaf740000,0xaf740000,0xb1640000)
 ParOldGen       total 113920K, used 72067K [0x94340000, 0x9b280000, 0xa8f40000)
  object space 113920K, 63% used [0x94340000,0x989a0d80,0x9b280000)
 PSPermGen       total 28928K, used 12793K [0x90340000, 0x91f80000, 0x94340000)
  object space 28928K, 44% used [0x90340000,0x90fbe490,0x91f80000)
}
Event: 44.451 GC heap before
{Heap before GC invocations=15 (full 2):
 PSYoungGen      total 117760K, used 116067K [0xa8f40000, 0xb3540000, 0xb3540000)
  eden space 106496K, 100% used [0xa8f40000,0xaf740000,0xaf740000)
  from space 11264K, 84% used [0xb2a40000,0xb3398f50,0xb3540000)
  to   space 31744K, 0% used [0xaf740000,0xaf740000,0xb1640000)
 ParOldGen       total 113920K, used 72067K [0x94340000, 0x9b280000, 0xa8f40000)
  object space 113920K, 63% used [0x94340000,0x989a0d80,0x9b280000)
 PSPermGen       total 28928K, used 12798K [0x90340000, 0x91f80000, 0x94340000)
  object space 28928K, 44% used [0x90340000,0x90fbfbf0,0x91f80000)
Event: 44.904 GC heap after
Heap after GC invocations=15 (full 2):
 PSYoungGen      total 138240K, used 31733K [0xa8f40000, 0xb3540000, 0xb3540000)
  eden space 106496K, 0% used [0xa8f40000,0xa8f40000,0xaf740000)
  from space 31744K, 99% used [0xaf740000,0xb163d638,0xb1640000)
  to   space 31744K, 0% used [0xb1640000,0xb1640000,0xb3540000)
 ParOldGen       total 114688K, used 114227K [0x94340000, 0x9b340000, 0xa8f40000)
  object space 114688K, 99% used [0x94340000,0x9b2ccfa0,0x9b340000)
 PSPermGen       total 28928K, used 12798K [0x90340000, 0x91f80000, 0x94340000)
  object space 28928K, 44% used [0x90340000,0x90fbfbf0,0x91f80000)
}
Event: 44.904 GC heap before
{Heap before GC invocations=16 (full 3):
 PSYoungGen      total 138240K, used 31733K [0xa8f40000, 0xb3540000, 0xb3540000)
  eden space 106496K, 0% used [0xa8f40000,0xa8f40000,0xaf740000)
  from space 31744K, 99% used [0xaf740000,0xb163d638,0xb1640000)
  to   space 31744K, 0% used [0xb1640000,0xb1640000,0xb3540000)
 ParOldGen       total 114688K, used 114227K [0x94340000, 0x9b340000, 0xa8f40000)
  object space 114688K, 99% used [0x94340000,0x9b2ccfa0,0x9b340000)
 PSPermGen       total 28928K, used 12798K [0x90340000, 0x91f80000, 0x94340000)
  object space 28928K, 44% used [0x90340000,0x90fbfbf0,0x91f80000)
Event: 45.886 GC heap after
Heap after GC invocations=16 (full 3):
 PSYoungGen      total 138240K, used 30412K [0xa8f40000, 0xb3540000, 0xb3540000)
  eden space 106496K, 0% used [0xa8f40000,0xa8f40000,0xaf740000)
  from space 31744K, 95% used [0xaf740000,0xb14f3048,0xb1640000)
  to   space 31744K, 0% used [0xb1640000,0xb1640000,0xb3540000)
 ParOldGen       total 175616K, used 114533K [0x94340000, 0x9eec0000, 0xa8f40000)
  object space 175616K, 65% used [0x94340000,0x9b3197a0,0x9eec0000)
 PSPermGen       total 27904K, used 12798K [0x90340000, 0x91e80000, 0x94340000)
  object space 27904K, 45% used [0x90340000,0x90fbfb90,0x91e80000)
}
Event: 53.450 GC heap before
{Heap before GC invocations=17 (full 3):
 PSYoungGen      total 138240K, used 136908K [0xa8f40000, 0xb3540000, 0xb3540000)
  eden space 106496K, 100% used [0xa8f40000,0xaf740000,0xaf740000)
  from space 31744K, 95% used [0xaf740000,0xb14f3048,0xb1640000)
  to   space 31744K, 0% used [0xb1640000,0xb1640000,0xb3540000)
 ParOldGen       total 175616K, used 114533K [0x94340000, 0x9eec0000, 0xa8f40000)
  object space 175616K, 65% used [0x94340000,0x9b3197a0,0x9eec0000)
 PSPermGen       total 27904K, used 13012K [0x90340000, 0x91e80000, 0x94340000)
  object space 27904K, 46% used [0x90340000,0x90ff50e8,0x91e80000)
Event: 55.774 GC heap after
Heap after GC invocations=17 (full 3):
 PSYoungGen      total 88576K, used 31741K [0xa8f40000, 0xb3540000, 0xb3540000)
  eden space 56832K, 0% used [0xa8f40000,0xa8f40000,0xac6c0000)
  from space 31744K, 99% used [0xb1640000,0xb353f400,0xb3540000)
  to   space 56576K, 0% used [0xac6c0000,0xac6c0000,0xafe00000)
 ParOldGen       total 175616K, used 157048K [0x94340000, 0x9eec0000, 0xa8f40000)
  object space 175616K, 89% used [0x94340000,0x9dc9e390,0x9eec0000)
 PSPermGen       total 27904K, used 13012K [0x90340000, 0x91e80000, 0x94340000)
  object space 27904K, 46% used [0x90340000,0x90ff50e8,0x91e80000)
}
Event: 55.857 GC heap before
{Heap before GC invocations=18 (full 4):
 PSYoungGen      total 88576K, used 31741K [0xa8f40000, 0xb3540000, 0xb3540000)
  eden space 56832K, 0% used [0xa8f40000,0xa8f40000,0xac6c0000)
  from space 31744K, 99% used [0xb1640000,0xb353f400,0xb3540000)
  to   space 56576K, 0% used [0xac6c0000,0xac6c0000,0xafe00000)
 ParOldGen       total 175616K, used 157048K [0x94340000, 0x9eec0000, 0xa8f40000)
  object space 175616K, 89% used [0x94340000,0x9dc9e390,0x9eec0000)
 PSPermGen       total 27904K, used 13012K [0x90340000, 0x91e80000, 0x94340000)
  object space 27904K, 46% used [0x90340000,0x90ff50e8,0x91e80000)

