# JRE version: Java(TM) SE Runtime Environment (7.0_80-b15) (build 1.7.0_80-b15)
# Java VM: Java HotSpot(TM) Server VM (24.80-b11 mixed mode linux-x86 )
Heap
 PSYoungGen      total 118272K, used 113609K [0xa8f40000, 0xb3540000, 0xb3540000)
  eden space 113408K, 100% used [0xa8f40000,0xafe00000,0xafe00000)
  from space 4864K, 4% used [0xb1280000,0xb12b2758,0xb1740000)
  to   space 20992K, 99% used [0xafe00000,0xb127c890,0xb1280000)
 ParOldGen       total 97280K, used 97279K [0x94340000, 0x9a240000, 0xa8f40000)
  object space 97280K, 99% used [0x94340000,0x9a23fef8,0x9a240000)
 PSPermGen       total 25600K, used 12796K [0x90340000, 0x91c40000, 0x94340000)
  object space 25600K, 49% used [0x90340000,0x90fbf2b0,0x91c40000)
GC Heap History (10 events):
Event: 12.037 GC heap after
Heap after GC invocations=11 (full 0):
 PSYoungGen      total 55296K, used 1672K [0xa8f40000, 0xae7c0000, 0xb3540000)
  eden space 50432K, 0% used [0xa8f40000,0xa8f40000,0xac080000)
  from space 4864K, 34% used [0xac080000,0xac2221b8,0xac540000)
  to   space 4864K, 0% used [0xae300000,0xae300000,0xae7c0000)
 ParOldGen       total 21248K, used 10029K [0x94340000, 0x95800000, 0xa8f40000)
  object space 21248K, 47% used [0x94340000,0x94d0b728,0x95800000)
 PSPermGen       total 16384K, used 10277K [0x90340000, 0x91340000, 0x94340000)
  object space 16384K, 62% used [0x90340000,0x90d49630,0x91340000)
}
Event: 12.624 GC heap before
{Heap before GC invocations=12 (full 0):
 PSYoungGen      total 55296K, used 52104K [0xa8f40000, 0xae7c0000, 0xb3540000)
  eden space 50432K, 100% used [0xa8f40000,0xac080000,0xac080000)
  from space 4864K, 34% used [0xac080000,0xac2221b8,0xac540000)
  to   space 4864K, 0% used [0xae300000,0xae300000,0xae7c0000)
 ParOldGen       total 21248K, used 10029K [0x94340000, 0x95800000, 0xa8f40000)
  object space 21248K, 47% used [0x94340000,0x94d0b728,0x95800000)
 PSPermGen       total 16384K, used 10465K [0x90340000, 0x91340000, 0x94340000)
  object space 16384K, 63% used [0x90340000,0x90d78590,0x91340000)
Event: 12.642 GC heap after
Heap after GC invocations=12 (full 0):
 PSYoungGen      total 85760K, used 801K [0xa8f40000, 0xae7c0000, 0xb3540000)
  eden space 80896K, 0% used [0xa8f40000,0xa8f40000,0xade40000)
  from space 4864K, 16% used [0xae300000,0xae3c85a0,0xae7c0000)
  to   space 4864K, 0% used [0xade40000,0xade40000,0xae300000)
 ParOldGen       total 21248K, used 11473K [0x94340000, 0x95800000, 0xa8f40000)
  object space 21248K, 53% used [0x94340000,0x94e74728,0x95800000)
 PSPermGen       total 16384K, used 10465K [0x90340000, 0x91340000, 0x94340000)
  object space 16384K, 63% used [0x90340000,0x90d78590,0x91340000)
}
Event: 14.814 GC heap before
{Heap before GC invocations=13 (full 0):
 PSYoungGen      total 85760K, used 81697K [0xa8f40000, 0xae7c0000, 0xb3540000)
  eden space 80896K, 100% used [0xa8f40000,0xade40000,0xade40000)
  from space 4864K, 16% used [0xae300000,0xae3c85a0,0xae7c0000)
  to   space 4864K, 0% used [0xade40000,0xade40000,0xae300000)
 ParOldGen       total 21248K, used 11473K [0x94340000, 0x95800000, 0xa8f40000)
  object space 21248K, 53% used [0x94340000,0x94e74728,0x95800000)
 PSPermGen       total 16384K, used 12278K [0x90340000, 0x91340000, 0x94340000)
  object space 16384K, 74% used [0x90340000,0x90f3dad0,0x91340000)
Event: 14.840 GC heap after
Heap after GC invocations=13 (full 0):
 PSYoungGen      total 85760K, used 2161K [0xa8f40000, 0xb1740000, 0xb3540000)
  eden space 80896K, 0% used [0xa8f40000,0xa8f40000,0xade40000)
  from space 4864K, 44% used [0xade40000,0xae05c648,0xae300000)
  to   space 4864K, 0% used [0xb1280000,0xb1280000,0xb1740000)
 ParOldGen       total 21248K, used 11653K [0x94340000, 0x95800000, 0xa8f40000)
  object space 21248K, 54% used [0x94340000,0x94ea1728,0x95800000)
 PSPermGen       total 16384K, used 12278K [0x90340000, 0x91340000, 0x94340000)
  object space 16384K, 74% used [0x90340000,0x90f3dad0,0x91340000)
}
Event: 21.447 GC heap before
{Heap before GC invocations=14 (full 0):
 PSYoungGen      total 85760K, used 83057K [0xa8f40000, 0xb1740000, 0xb3540000)
  eden space 80896K, 100% used [0xa8f40000,0xade40000,0xade40000)
  from space 4864K, 44% used [0xade40000,0xae05c648,0xae300000)
  to   space 4864K, 0% used [0xb1280000,0xb1280000,0xb1740000)
 ParOldGen       total 21248K, used 11653K [0x94340000, 0x95800000, 0xa8f40000)
  object space 21248K, 54% used [0x94340000,0x94ea1728,0x95800000)
 PSPermGen       total 16384K, used 12797K [0x90340000, 0x91340000, 0x94340000)
  object space 16384K, 78% used [0x90340000,0x90fbf4b0,0x91340000)
Event: 21.783 GC heap after
Heap after GC invocations=14 (full 0):
 PSYoungGen      total 118272K, used 4857K [0xa8f40000, 0xb3540000, 0xb3540000)
  eden space 113408K, 0% used [0xa8f40000,0xa8f40000,0xafe00000)
  from space 4864K, 99% used [0xb1280000,0xb173e630,0xb1740000)
  to   space 20992K, 0% used [0xafe00000,0xafe00000,0xb1280000)
 ParOldGen       total 54016K, used 53984K [0x94340000, 0x97800000, 0xa8f40000)
  object space 54016K, 99% used [0x94340000,0x977f80b8,0x97800000)
 PSPermGen       total 16384K, used 12797K [0x90340000, 0x91340000, 0x94340000)
  object space 16384K, 78% used [0x90340000,0x90fbf4b0,0x91340000)
}
Event: 21.783 GC heap before
{Heap before GC invocations=15 (full 1):
 PSYoungGen      total 118272K, used 4857K [0xa8f40000, 0xb3540000, 0xb3540000)
  eden space 113408K, 0% used [0xa8f40000,0xa8f40000,0xafe00000)
  from space 4864K, 99% used [0xb1280000,0xb173e630,0xb1740000)
  to   space 20992K, 0% used [0xafe00000,0xafe00000,0xb1280000)
 ParOldGen       total 54016K, used 53984K [0x94340000, 0x97800000, 0xa8f40000)
  object space 54016K, 99% used [0x94340000,0x977f80b8,0x97800000)
 PSPermGen       total 16384K, used 12797K [0x90340000, 0x91340000, 0x94340000)
  object space 16384K, 78% used [0x90340000,0x90fbf4b0,0x91340000)
Event: 22.402 GC heap after
Heap after GC invocations=15 (full 1):
 PSYoungGen      total 118272K, used 201K [0xa8f40000, 0xb3540000, 0xb3540000)
  eden space 113408K, 0% used [0xa8f40000,0xa8f40000,0xafe00000)
  from space 4864K, 4% used [0xb1280000,0xb12b2758,0xb1740000)
  to   space 20992K, 0% used [0xafe00000,0xafe00000,0xb1280000)
 ParOldGen       total 84224K, used 53934K [0x94340000, 0x99580000, 0xa8f40000)
  object space 84224K, 64% used [0x94340000,0x977ebbc8,0x99580000)
 PSPermGen       total 25600K, used 12789K [0x90340000, 0x91c40000, 0x94340000)
  object space 25600K, 49% used [0x90340000,0x90fbd488,0x91c40000)
}
Event: 28.909 GC heap before
{Heap before GC invocations=16 (full 1):
 PSYoungGen      total 118272K, used 113609K [0xa8f40000, 0xb3540000, 0xb3540000)
  eden space 113408K, 100% used [0xa8f40000,0xafe00000,0xafe00000)
  from space 4864K, 4% used [0xb1280000,0xb12b2758,0xb1740000)
  to   space 20992K, 0% used [0xafe00000,0xafe00000,0xb1280000)
 ParOldGen       total 84224K, used 53934K [0x94340000, 0x99580000, 0xa8f40000)
  object space 84224K, 64% used [0x94340000,0x977ebbc8,0x99580000)
 PSPermGen       total 25600K, used 12796K [0x90340000, 0x91c40000, 0x94340000)
  object space 25600K, 49% used [0x90340000,0x90fbf2b0,0x91c40000)

